TpTrace Verbose: 0 : 22184, 1, 2022/09/30, 23:32:07.271, 100182773658, datacollector.dll, Version: 17.3.0-release-20220708-01
TpTrace Information: 0 : 22184, 1, 2022/09/30, 23:32:07.279, 100182852420, datacollector.dll, DataCollectorMain.Run: Starting data collector run with args: --port,51599,--parentprocessid,21436,--diag,C:\Users\cqy15\source\repos\spreadsheet-Joeic\Spreadsheet\FormulaTests\bin\Debug\net6.0\fine-code-coverage\coverage-tool-output\diagnostics.datacollector.22-09-30_23-32-07_04959_1.log,--tracelevel,4
TpTrace Information: 0 : 22184, 1, 2022/09/30, 23:32:07.279, 100182856550, datacollector.dll, DataCollector: Monitoring parent process with id: '21436'
TpTrace Information: 0 : 22184, 1, 2022/09/30, 23:32:07.290, 100182968893, datacollector.dll, Trying to connect to server on socket : 127.0.0.1:51599 
TpTrace Verbose: 0 : 22184, 1, 2022/09/30, 23:32:07.307, 100183134288, datacollector.dll, SocketCommunicationManager : SetupClientAsync : Attempting to connect to the server.
TpTrace Information: 0 : 22184, 8, 2022/09/30, 23:32:07.323, 100183293218, datacollector.dll, Connected to the server successfully 
TpTrace Information: 0 : 22184, 8, 2022/09/30, 23:32:07.323, 100183294542, datacollector.dll, Using the buffer size of 16384 bytes
TpTrace Information: 0 : 22184, 1, 2022/09/30, 23:32:07.444, 100184504870, datacollector.dll, DataCollector: Start Request Processing.
TpTrace Verbose: 0 : 22184, 1, 2022/09/30, 23:32:07.444, 100184507625, datacollector.dll, SocketCommunicationManager.WaitForServerConnection took: 0 ms, with 90000 ms timeout, and finished with True.
TpTrace Information: 0 : 22184, 1, 2022/09/30, 23:32:07.444, 100184511487, datacollector.dll, DataCollectionRequestHandler.ProcessRequests: Datacollector received message: (DataCollection.BeforeTestRunStart) -> {"MessageType":"DataCollection.BeforeTestRunStart","Payload":{"SettingsXml":"<RunSettings><RunConfiguration><ResultsDirectory>C:\\Users\\cqy15\\source\\repos\\spreadsheet-Joeic\\Spreadsheet\\FormulaTests\\bin\\Debug\\net6.0\\fine-code-coverage\\coverage-tool-output</ResultsDirectory><TargetPlatform>X64</TargetPlatform><TargetFrameworkVersion>.NETCoreApp,Version=v6.0</TargetFrameworkVersion><DesignMode>False</DesignMode><CollectSourceInformation>False</CollectSourceInformation><TestAdaptersPaths>C:\\Program Files\\dotnet\\sdk\\6.0.400\\Extensions</TestAdaptersPaths></RunConfiguration><LoggerRunSettings><Loggers><Logger friendlyName=\"blame\" enabled=\"True\" /><Logger friendlyName=\"Console\" uri=\"logger://microsoft/TestPlatform/ConsoleLogger/v1\" assemblyQualifiedName=\"Microsoft.VisualStudio.TestPlatform.CommandLine.Internal.ConsoleLogger, vstest.console, Version=15.0.0.0, Culture=neutral, PublicKeyToken=b03f5f7f11d50a3a\" codeBase=\"C:\\Program Files\\dotnet\\sdk\\6.0.400\\vstest.console.dll\" enabled=\"True\" /></Loggers></LoggerRunSettings><DataCollectionRunSettings><DataCollectors><DataCollector friendlyName=\"blame\" enabled=\"True\"><Configuration><ResultsDirectory>C:\\Users\\cqy15\\source\\repos\\spreadsheet-Joeic\\Spreadsheet\\FormulaTests\\bin\\Debug\\net6.0\\fine-code-coverage\\coverage-tool-output</ResultsDirectory></Configuration></DataCollector></DataCollectors></DataCollectionRunSettings></RunSettings>","Sources":["C:\\Users\\cqy15\\source\\repos\\spreadsheet-Joeic\\Spreadsheet\\FormulaTests\\bin\\Debug\\net6.0\\fine-code-coverage\\build-output\\FormulaTests.dll"],"IsTelemetryOptedIn":false}}
TpTrace Verbose: 0 : 22184, 1, 2022/09/30, 23:32:07.500, 100185064377, datacollector.dll, TestPluginCache: Update extensions started. Skip filter = False
TpTrace Verbose: 0 : 22184, 1, 2022/09/30, 23:32:07.501, 100185079918, datacollector.dll, TestPluginCache: Using directories for assembly resolution 'C:\Program Files\dotnet\sdk\6.0.400\Extensions'.
TpTrace Verbose: 0 : 22184, 1, 2022/09/30, 23:32:07.501, 100185081067, datacollector.dll, TestPluginCache: Updated the available extensions to 'C:\Program Files\dotnet\sdk\6.0.400\Extensions\Microsoft.TestPlatform.Extensions.BlameDataCollector.dll,C:\Program Files\dotnet\sdk\6.0.400\Extensions\Microsoft.TestPlatform.Extensions.EventLogCollector.dll'.
TpTrace Verbose: 0 : 22184, 1, 2022/09/30, 23:32:07.511, 100185175349, datacollector.dll, TestPluginCache.DiscoverTestExtensions: finding test extensions in assemblies ends with: Collector.dll TPluginInfo: Microsoft.VisualStudio.TestPlatform.Common.DataCollector.DataCollectorConfig TExtension: Microsoft.VisualStudio.TestPlatform.ObjectModel.DataCollection.DataCollector
TpTrace Verbose: 0 : 22184, 1, 2022/09/30, 23:32:07.511, 100185177850, datacollector.dll, TestPluginCache.GetExtensionPaths: Filtered extension paths: C:\Program Files\dotnet\sdk\6.0.400\Extensions\Microsoft.TestPlatform.Extensions.BlameDataCollector.dll
C:\Program Files\dotnet\sdk\6.0.400\Extensions\Microsoft.TestPlatform.Extensions.EventLogCollector.dll
TpTrace Verbose: 0 : 22184, 1, 2022/09/30, 23:32:07.511, 100185178533, datacollector.dll, TestPluginCache.GetExtensionPaths: Added default extension paths: 
TpTrace Verbose: 0 : 22184, 1, 2022/09/30, 23:32:07.511, 100185178984, datacollector.dll, TestPluginCache.GetExtensionPaths: Added unfilterableExtensionPaths: 
TpTrace Information: 0 : 22184, 1, 2022/09/30, 23:32:07.512, 100185187040, datacollector.dll, AssemblyResolver.ctor: Creating AssemblyResolver with searchDirectories C:\Program Files\dotnet\sdk\6.0.400\Extensions,C:\Program Files\dotnet\sdk\6.0.400
TpTrace Verbose: 0 : 22184, 1, 2022/09/30, 23:32:07.516, 100185222926, datacollector.dll, TestPluginCache.DiscoverTestExtensions: Discovering the extensions using extension path.
TpTrace Verbose: 0 : 22184, 1, 2022/09/30, 23:32:07.516, 100185225371, datacollector.dll, TestPluginCache.GetExtensionPaths: Filtered extension paths: C:\Program Files\dotnet\sdk\6.0.400\Extensions\Microsoft.TestPlatform.Extensions.BlameDataCollector.dll
C:\Program Files\dotnet\sdk\6.0.400\Extensions\Microsoft.TestPlatform.Extensions.EventLogCollector.dll
TpTrace Verbose: 0 : 22184, 1, 2022/09/30, 23:32:07.516, 100185225970, datacollector.dll, TestPluginCache.GetExtensionPaths: Added default extension paths: 
TpTrace Verbose: 0 : 22184, 1, 2022/09/30, 23:32:07.516, 100185226332, datacollector.dll, TestPluginCache.GetExtensionPaths: Added unfilterableExtensionPaths: 
TpTrace Verbose: 0 : 22184, 1, 2022/09/30, 23:32:07.516, 100185227075, datacollector.dll, TestPluginCache.DiscoverTestExtensions: Discovering the extensions using allExtensionPaths: C:\Program Files\dotnet\sdk\6.0.400\Extensions\Microsoft.TestPlatform.Extensions.BlameDataCollector.dll
C:\Program Files\dotnet\sdk\6.0.400\Extensions\Microsoft.TestPlatform.Extensions.EventLogCollector.dll
TpTrace Information: 0 : 22184, 1, 2022/09/30, 23:32:07.516, 100185228928, datacollector.dll, AssemblyResolver.AddSearchDirectories: Adding more searchDirectories C:\Program Files\dotnet\sdk\6.0.400\Extensions,C:\Program Files\dotnet\sdk\6.0.400
TpTrace Information: 0 : 22184, 1, 2022/09/30, 23:32:07.516, 100185230024, datacollector.dll, AssemblyResolver.AddSearchDirectories: Adding more searchDirectories C:\Program Files\dotnet\sdk\6.0.400\Extensions,C:\Program Files\dotnet\sdk\6.0.400
TpTrace Information: 0 : 22184, 1, 2022/09/30, 23:32:07.517, 100185236995, datacollector.dll, AssemblyResolver.OnResolve: Microsoft.TestPlatform.Extensions.BlameDataCollector: Resolving assembly.
TpTrace Information: 0 : 22184, 1, 2022/09/30, 23:32:07.517, 100185238345, datacollector.dll, AssemblyResolver.OnResolve: Microsoft.TestPlatform.Extensions.BlameDataCollector: Searching in: 'C:\Program Files\dotnet\sdk\6.0.400\Extensions'.
TpTrace Information: 0 : 22184, 1, 2022/09/30, 23:32:07.518, 100185244743, datacollector.dll, AssemblyResolver.OnResolve: Microsoft.TestPlatform.Extensions.BlameDataCollector: Loading assembly 'C:\Program Files\dotnet\sdk\6.0.400\Extensions\Microsoft.TestPlatform.Extensions.BlameDataCollector.dll'.
TpTrace Information: 0 : 22184, 1, 2022/09/30, 23:32:07.519, 100185253669, datacollector.dll, AssemblyResolver.OnResolve: Resolved assembly: Microsoft.TestPlatform.Extensions.BlameDataCollector, from path: C:\Program Files\dotnet\sdk\6.0.400\Extensions\Microsoft.TestPlatform.Extensions.BlameDataCollector.dll
TpTrace Verbose: 0 : 22184, 1, 2022/09/30, 23:32:07.526, 100185328714, datacollector.dll, MetadataReaderExtensionsHelper: Discovering extensions inside assembly 'Microsoft.TestPlatform.Extensions.BlameDataCollector, Version=15.0.0.0, Culture=neutral, PublicKeyToken=b03f5f7f11d50a3a' file path 'C:\Program Files\dotnet\sdk\6.0.400\Extensions\Microsoft.TestPlatform.Extensions.BlameDataCollector.dll'
TpTrace Error: 0 : 22184, 1, 2022/09/30, 23:32:07.541, 100185481861, datacollector.dll, The type "Microsoft.TestPlatform.Extensions.BlameDataCollector.BlameCollector" defined in "Microsoft.TestPlatform.Extensions.BlameDataCollector.dll" does not have ExtensionUri attribute.
TpTrace Information: 0 : 22184, 1, 2022/09/30, 23:32:07.543, 100185495725, datacollector.dll, GetTestExtensionFromType: Register extension with identifier data 'datacollector://microsoft/TestPlatform/Extensions/Blame/v1' and type 'Microsoft.TestPlatform.Extensions.BlameDataCollector.BlameCollector, Microsoft.TestPlatform.Extensions.BlameDataCollector, Version=15.0.0.0, Culture=neutral, PublicKeyToken=b03f5f7f11d50a3a' inside file 'C:\Program Files\dotnet\sdk\6.0.400\Extensions\Microsoft.TestPlatform.Extensions.BlameDataCollector.dll'
TpTrace Information: 0 : 22184, 1, 2022/09/30, 23:32:07.543, 100185497598, datacollector.dll, AssemblyResolver.OnResolve: Microsoft.TestPlatform.Extensions.EventLogCollector: Resolving assembly.
TpTrace Information: 0 : 22184, 1, 2022/09/30, 23:32:07.543, 100185498199, datacollector.dll, AssemblyResolver.OnResolve: Microsoft.TestPlatform.Extensions.EventLogCollector: Searching in: 'C:\Program Files\dotnet\sdk\6.0.400\Extensions'.
TpTrace Information: 0 : 22184, 1, 2022/09/30, 23:32:07.543, 100185502076, datacollector.dll, AssemblyResolver.OnResolve: Microsoft.TestPlatform.Extensions.EventLogCollector: Loading assembly 'C:\Program Files\dotnet\sdk\6.0.400\Extensions\Microsoft.TestPlatform.Extensions.EventLogCollector.dll'.
TpTrace Information: 0 : 22184, 1, 2022/09/30, 23:32:07.544, 100185509778, datacollector.dll, AssemblyResolver.OnResolve: Resolved assembly: Microsoft.TestPlatform.Extensions.EventLogCollector, from path: C:\Program Files\dotnet\sdk\6.0.400\Extensions\Microsoft.TestPlatform.Extensions.EventLogCollector.dll
TpTrace Verbose: 0 : 22184, 1, 2022/09/30, 23:32:07.544, 100185511189, datacollector.dll, MetadataReaderExtensionsHelper: Discovering extensions inside assembly 'Microsoft.TestPlatform.Extensions.EventLogCollector, Version=15.0.0.0, Culture=neutral, PublicKeyToken=b03f5f7f11d50a3a' file path 'C:\Program Files\dotnet\sdk\6.0.400\Extensions\Microsoft.TestPlatform.Extensions.EventLogCollector.dll'
TpTrace Error: 0 : 22184, 1, 2022/09/30, 23:32:07.547, 100185540242, datacollector.dll, The type "Microsoft.TestPlatform.Extensions.EventLogCollector.EventLogDataCollector" defined in "Microsoft.TestPlatform.Extensions.EventLogCollector.dll" does not have ExtensionUri attribute.
TpTrace Information: 0 : 22184, 1, 2022/09/30, 23:32:07.547, 100185542311, datacollector.dll, GetTestExtensionFromType: Register extension with identifier data 'datacollector://microsoft/EventLog/2.0' and type 'Microsoft.TestPlatform.Extensions.EventLogCollector.EventLogDataCollector, Microsoft.TestPlatform.Extensions.EventLogCollector, Version=15.0.0.0, Culture=neutral, PublicKeyToken=b03f5f7f11d50a3a' inside file 'C:\Program Files\dotnet\sdk\6.0.400\Extensions\Microsoft.TestPlatform.Extensions.EventLogCollector.dll'
TpTrace Verbose: 0 : 22184, 1, 2022/09/30, 23:32:07.548, 100185545480, datacollector.dll, TestPluginCache: Discovered the extensions using extension path 'C:\Program Files\dotnet\sdk\6.0.400\Extensions\Microsoft.TestPlatform.Extensions.BlameDataCollector.dll,C:\Program Files\dotnet\sdk\6.0.400\Extensions\Microsoft.TestPlatform.Extensions.EventLogCollector.dll'.
TpTrace Verbose: 0 : 22184, 1, 2022/09/30, 23:32:07.548, 100185546230, datacollector.dll, TestPluginCache: Discoverers are ''.
TpTrace Verbose: 0 : 22184, 1, 2022/09/30, 23:32:07.548, 100185546603, datacollector.dll, TestPluginCache: Executors are ''.
TpTrace Verbose: 0 : 22184, 1, 2022/09/30, 23:32:07.548, 100185546963, datacollector.dll, TestPluginCache: Executors2 are ''.
TpTrace Verbose: 0 : 22184, 1, 2022/09/30, 23:32:07.548, 100185547395, datacollector.dll, TestPluginCache: Setting providers are ''.
TpTrace Verbose: 0 : 22184, 1, 2022/09/30, 23:32:07.548, 100185547708, datacollector.dll, TestPluginCache: Loggers are ''.
TpTrace Verbose: 0 : 22184, 1, 2022/09/30, 23:32:07.548, 100185548008, datacollector.dll, TestPluginCache: TestHosts are ''.
TpTrace Verbose: 0 : 22184, 1, 2022/09/30, 23:32:07.548, 100185550781, datacollector.dll, TestPluginCache: DataCollectors are 'datacollector://microsoft/TestPlatform/Extensions/Blame/v1,datacollector://microsoft/EventLog/2.0'.
TpTrace Information: 0 : 22184, 1, 2022/09/30, 23:32:07.550, 100185565737, datacollector.dll, TestPluginManager.CreateTestExtension: Attempting to load test extension: Microsoft.TestPlatform.Extensions.BlameDataCollector.BlameCollector
TpTrace Verbose: 0 : 22184, 1, 2022/09/30, 23:32:07.556, 100185629451, datacollector.dll, MulticastDelegateUtilities.SafeInvoke: DataCollectionEvents.SessionStart: Invoking callbacks was skipped because there are no subscribers.
TpTrace Information: 0 : 22184, 1, 2022/09/30, 23:32:07.558, 100185645373, datacollector.dll, Listening on Endpoint : 127.0.0.1:51601
TpTrace Information: 0 : 22184, 1, 2022/09/30, 23:32:07.571, 100185773804, datacollector.dll, DataCollectionRequestHandler.ProcessRequests : DataCollection started.
TpTrace Information: 0 : 22184, 1, 2022/09/30, 23:32:07.600, 100186062962, datacollector.dll, DataCollectionRequestHandler.ProcessRequests: Datacollector received message: (DataCollection.TestHostLaunched) -> {"MessageType":"DataCollection.TestHostLaunched","Payload":{"ProcessId":860}}
TpTrace Verbose: 0 : 22184, 1, 2022/09/30, 23:32:07.603, 100186092936, datacollector.dll, MulticastDelegateUtilities.SafeInvoke: DataCollectionEvents.TestHostLaunched: Invoking callback 1/1 for Microsoft.TestPlatform.Extensions.BlameDataCollector.BlameCollector.TestHostLaunchedHandler, took 0 ms.
TpTrace Information: 0 : 22184, 7, 2022/09/30, 23:32:07.906, 100189123074, datacollector.dll, Using the buffer size of 16384 bytes
TpTrace Verbose: 0 : 22184, 8, 2022/09/30, 23:32:07.906, 100189123311, datacollector.dll, SocketCommunicationManager.WaitForClientConnection took: 342 ms, with 90000 ms timeout, and finished with True.
TpTrace Information: 0 : 22184, 7, 2022/09/30, 23:32:07.906, 100189124462, datacollector.dll, Accepted Client request and set the flag
TpTrace Information: 0 : 22184, 8, 2022/09/30, 23:32:09.752, 100207589735, datacollector.dll, DataCollectionTestCaseEventHandler: Test case starting.
TpTrace Information: 0 : 22184, 8, 2022/09/30, 23:32:09.815, 100208217240, datacollector.dll, BlameCollector.EventsTestCaseStart: Test Case Start
TpTrace Verbose: 0 : 22184, 8, 2022/09/30, 23:32:09.815, 100208220504, datacollector.dll, MulticastDelegateUtilities.SafeInvoke: DataCollectionEvents.TestCaseStart: Invoking callback 1/1 for Microsoft.TestPlatform.Extensions.BlameDataCollector.BlameCollector.EventsTestCaseStart, took 0 ms.
TpTrace Information: 0 : 22184, 8, 2022/09/30, 23:32:09.816, 100208223212, datacollector.dll, DataCollectionTestCaseEventHandler: Test case 'TestNumber - d185b787-c2e2-c352-81c0-0dcac6552acd' started.
TpTrace Information: 0 : 22184, 8, 2022/09/30, 23:32:09.890, 100208972073, datacollector.dll, DataCollectionTestCaseEventHandler: Test case completing.
TpTrace Information: 0 : 22184, 8, 2022/09/30, 23:32:09.896, 100209026576, datacollector.dll, BlameCollector.EventsTestCaseEnd: Test Case End
TpTrace Verbose: 0 : 22184, 8, 2022/09/30, 23:32:09.896, 100209029618, datacollector.dll, MulticastDelegateUtilities.SafeInvoke: DataCollectionEvents.TestCaseEnd: Invoking callback 1/1 for Microsoft.TestPlatform.Extensions.BlameDataCollector.BlameCollector.EventsTestCaseEnd, took 0 ms.
TpTrace Information: 0 : 22184, 8, 2022/09/30, 23:32:09.900, 100209065342, datacollector.dll, DataCollectionTestCaseEventHandler: Test case 'TestNumber - d185b787-c2e2-c352-81c0-0dcac6552acd' completed
TpTrace Information: 0 : 22184, 8, 2022/09/30, 23:32:09.912, 100209185583, datacollector.dll, DataCollectionTestCaseEventHandler: Test case starting.
TpTrace Information: 0 : 22184, 8, 2022/09/30, 23:32:09.913, 100209197718, datacollector.dll, BlameCollector.EventsTestCaseStart: Test Case Start
TpTrace Verbose: 0 : 22184, 8, 2022/09/30, 23:32:09.913, 100209198765, datacollector.dll, MulticastDelegateUtilities.SafeInvoke: DataCollectionEvents.TestCaseStart: Invoking callback 1/1 for Microsoft.TestPlatform.Extensions.BlameDataCollector.BlameCollector.EventsTestCaseStart, took 0 ms.
TpTrace Information: 0 : 22184, 8, 2022/09/30, 23:32:09.913, 100209200254, datacollector.dll, DataCollectionTestCaseEventHandler: Test case 'TestVariable - 4664bbf2-b72d-c63e-a555-b25ce16e325e' started.
TpTrace Information: 0 : 22184, 8, 2022/09/30, 23:32:09.915, 100209222098, datacollector.dll, DataCollectionTestCaseEventHandler: Test case completing.
TpTrace Information: 0 : 22184, 8, 2022/09/30, 23:32:09.916, 100209231128, datacollector.dll, BlameCollector.EventsTestCaseEnd: Test Case End
TpTrace Verbose: 0 : 22184, 8, 2022/09/30, 23:32:09.916, 100209232177, datacollector.dll, MulticastDelegateUtilities.SafeInvoke: DataCollectionEvents.TestCaseEnd: Invoking callback 1/1 for Microsoft.TestPlatform.Extensions.BlameDataCollector.BlameCollector.EventsTestCaseEnd, took 0 ms.
TpTrace Information: 0 : 22184, 8, 2022/09/30, 23:32:09.917, 100209233857, datacollector.dll, DataCollectionTestCaseEventHandler: Test case 'TestVariable - 4664bbf2-b72d-c63e-a555-b25ce16e325e' completed
TpTrace Information: 0 : 22184, 8, 2022/09/30, 23:32:09.918, 100209244351, datacollector.dll, DataCollectionTestCaseEventHandler: Test case starting.
TpTrace Information: 0 : 22184, 8, 2022/09/30, 23:32:09.919, 100209256082, datacollector.dll, BlameCollector.EventsTestCaseStart: Test Case Start
TpTrace Verbose: 0 : 22184, 8, 2022/09/30, 23:32:09.919, 100209257434, datacollector.dll, MulticastDelegateUtilities.SafeInvoke: DataCollectionEvents.TestCaseStart: Invoking callback 1/1 for Microsoft.TestPlatform.Extensions.BlameDataCollector.BlameCollector.EventsTestCaseStart, took 0 ms.
TpTrace Information: 0 : 22184, 8, 2022/09/30, 23:32:09.919, 100209259303, datacollector.dll, DataCollectionTestCaseEventHandler: Test case 'TestSimpleAdd - 9ae2ff82-2722-8863-1c41-a4c1e4c73ec7' started.
TpTrace Information: 0 : 22184, 8, 2022/09/30, 23:32:09.923, 100209297233, datacollector.dll, DataCollectionTestCaseEventHandler: Test case completing.
TpTrace Information: 0 : 22184, 8, 2022/09/30, 23:32:09.924, 100209306525, datacollector.dll, BlameCollector.EventsTestCaseEnd: Test Case End
TpTrace Verbose: 0 : 22184, 8, 2022/09/30, 23:32:09.924, 100209307650, datacollector.dll, MulticastDelegateUtilities.SafeInvoke: DataCollectionEvents.TestCaseEnd: Invoking callback 1/1 for Microsoft.TestPlatform.Extensions.BlameDataCollector.BlameCollector.EventsTestCaseEnd, took 0 ms.
TpTrace Information: 0 : 22184, 8, 2022/09/30, 23:32:09.924, 100209309306, datacollector.dll, DataCollectionTestCaseEventHandler: Test case 'TestSimpleAdd - 9ae2ff82-2722-8863-1c41-a4c1e4c73ec7' completed
TpTrace Information: 0 : 22184, 8, 2022/09/30, 23:32:09.925, 100209319602, datacollector.dll, DataCollectionTestCaseEventHandler: Test case starting.
TpTrace Information: 0 : 22184, 8, 2022/09/30, 23:32:09.926, 100209327936, datacollector.dll, BlameCollector.EventsTestCaseStart: Test Case Start
TpTrace Verbose: 0 : 22184, 8, 2022/09/30, 23:32:09.926, 100209329043, datacollector.dll, MulticastDelegateUtilities.SafeInvoke: DataCollectionEvents.TestCaseStart: Invoking callback 1/1 for Microsoft.TestPlatform.Extensions.BlameDataCollector.BlameCollector.EventsTestCaseStart, took 0 ms.
TpTrace Information: 0 : 22184, 8, 2022/09/30, 23:32:09.926, 100209330606, datacollector.dll, DataCollectionTestCaseEventHandler: Test case 'TestSimpleSubstract - 5d16ec65-c352-8c47-07c2-559b3c35098d' started.
TpTrace Information: 0 : 22184, 8, 2022/09/30, 23:32:09.928, 100209345927, datacollector.dll, DataCollectionTestCaseEventHandler: Test case completing.
TpTrace Information: 0 : 22184, 8, 2022/09/30, 23:32:09.929, 100209355013, datacollector.dll, BlameCollector.EventsTestCaseEnd: Test Case End
TpTrace Verbose: 0 : 22184, 8, 2022/09/30, 23:32:09.929, 100209356078, datacollector.dll, MulticastDelegateUtilities.SafeInvoke: DataCollectionEvents.TestCaseEnd: Invoking callback 1/1 for Microsoft.TestPlatform.Extensions.BlameDataCollector.BlameCollector.EventsTestCaseEnd, took 0 ms.
TpTrace Information: 0 : 22184, 8, 2022/09/30, 23:32:09.929, 100209357729, datacollector.dll, DataCollectionTestCaseEventHandler: Test case 'TestSimpleSubstract - 5d16ec65-c352-8c47-07c2-559b3c35098d' completed
TpTrace Information: 0 : 22184, 8, 2022/09/30, 23:32:09.930, 100209367408, datacollector.dll, DataCollectionTestCaseEventHandler: Test case starting.
TpTrace Information: 0 : 22184, 8, 2022/09/30, 23:32:09.931, 100209375788, datacollector.dll, BlameCollector.EventsTestCaseStart: Test Case Start
TpTrace Verbose: 0 : 22184, 8, 2022/09/30, 23:32:09.931, 100209376853, datacollector.dll, MulticastDelegateUtilities.SafeInvoke: DataCollectionEvents.TestCaseStart: Invoking callback 1/1 for Microsoft.TestPlatform.Extensions.BlameDataCollector.BlameCollector.EventsTestCaseStart, took 0 ms.
TpTrace Information: 0 : 22184, 8, 2022/09/30, 23:32:09.931, 100209378329, datacollector.dll, DataCollectionTestCaseEventHandler: Test case 'TestSimpleMultiplication - 494cccc6-33a6-91d4-898e-f44968b3d533' started.
TpTrace Information: 0 : 22184, 8, 2022/09/30, 23:32:09.932, 100209391269, datacollector.dll, DataCollectionTestCaseEventHandler: Test case completing.
TpTrace Information: 0 : 22184, 8, 2022/09/30, 23:32:09.933, 100209400873, datacollector.dll, BlameCollector.EventsTestCaseEnd: Test Case End
TpTrace Verbose: 0 : 22184, 8, 2022/09/30, 23:32:09.933, 100209401855, datacollector.dll, MulticastDelegateUtilities.SafeInvoke: DataCollectionEvents.TestCaseEnd: Invoking callback 1/1 for Microsoft.TestPlatform.Extensions.BlameDataCollector.BlameCollector.EventsTestCaseEnd, took 0 ms.
TpTrace Information: 0 : 22184, 8, 2022/09/30, 23:32:09.934, 100209403698, datacollector.dll, DataCollectionTestCaseEventHandler: Test case 'TestSimpleMultiplication - 494cccc6-33a6-91d4-898e-f44968b3d533' completed
TpTrace Information: 0 : 22184, 8, 2022/09/30, 23:32:09.935, 100209412571, datacollector.dll, DataCollectionTestCaseEventHandler: Test case starting.
TpTrace Information: 0 : 22184, 8, 2022/09/30, 23:32:09.936, 100209426095, datacollector.dll, BlameCollector.EventsTestCaseStart: Test Case Start
TpTrace Verbose: 0 : 22184, 8, 2022/09/30, 23:32:09.936, 100209427282, datacollector.dll, MulticastDelegateUtilities.SafeInvoke: DataCollectionEvents.TestCaseStart: Invoking callback 1/1 for Microsoft.TestPlatform.Extensions.BlameDataCollector.BlameCollector.EventsTestCaseStart, took 0 ms.
TpTrace Information: 0 : 22184, 8, 2022/09/30, 23:32:09.936, 100209428941, datacollector.dll, DataCollectionTestCaseEventHandler: Test case 'TestSimpleDivision - ec467ecd-c2ed-aa60-182a-c1c469bb062b' started.
TpTrace Information: 0 : 22184, 8, 2022/09/30, 23:32:09.938, 100209445453, datacollector.dll, DataCollectionTestCaseEventHandler: Test case completing.
TpTrace Information: 0 : 22184, 8, 2022/09/30, 23:32:09.939, 100209454728, datacollector.dll, BlameCollector.EventsTestCaseEnd: Test Case End
TpTrace Verbose: 0 : 22184, 8, 2022/09/30, 23:32:09.939, 100209455701, datacollector.dll, MulticastDelegateUtilities.SafeInvoke: DataCollectionEvents.TestCaseEnd: Invoking callback 1/1 for Microsoft.TestPlatform.Extensions.BlameDataCollector.BlameCollector.EventsTestCaseEnd, took 0 ms.
TpTrace Information: 0 : 22184, 8, 2022/09/30, 23:32:09.939, 100209457409, datacollector.dll, DataCollectionTestCaseEventHandler: Test case 'TestSimpleDivision - ec467ecd-c2ed-aa60-182a-c1c469bb062b' completed
TpTrace Information: 0 : 22184, 8, 2022/09/30, 23:32:09.940, 100209467757, datacollector.dll, DataCollectionTestCaseEventHandler: Test case starting.
TpTrace Information: 0 : 22184, 8, 2022/09/30, 23:32:09.941, 100209481508, datacollector.dll, BlameCollector.EventsTestCaseStart: Test Case Start
TpTrace Verbose: 0 : 22184, 8, 2022/09/30, 23:32:09.942, 100209482787, datacollector.dll, MulticastDelegateUtilities.SafeInvoke: DataCollectionEvents.TestCaseStart: Invoking callback 1/1 for Microsoft.TestPlatform.Extensions.BlameDataCollector.BlameCollector.EventsTestCaseStart, took 0 ms.
TpTrace Information: 0 : 22184, 8, 2022/09/30, 23:32:09.942, 100209484693, datacollector.dll, DataCollectionTestCaseEventHandler: Test case 'TestSimpleParen - af6f93cf-ae2e-e914-f590-71482290b71e' started.
TpTrace Information: 0 : 22184, 8, 2022/09/30, 23:32:09.943, 100209500154, datacollector.dll, DataCollectionTestCaseEventHandler: Test case completing.
TpTrace Information: 0 : 22184, 8, 2022/09/30, 23:32:09.944, 100209509328, datacollector.dll, BlameCollector.EventsTestCaseEnd: Test Case End
TpTrace Verbose: 0 : 22184, 8, 2022/09/30, 23:32:09.944, 100209510161, datacollector.dll, MulticastDelegateUtilities.SafeInvoke: DataCollectionEvents.TestCaseEnd: Invoking callback 1/1 for Microsoft.TestPlatform.Extensions.BlameDataCollector.BlameCollector.EventsTestCaseEnd, took 0 ms.
TpTrace Information: 0 : 22184, 8, 2022/09/30, 23:32:09.944, 100209511525, datacollector.dll, DataCollectionTestCaseEventHandler: Test case 'TestSimpleParen - af6f93cf-ae2e-e914-f590-71482290b71e' completed
TpTrace Information: 0 : 22184, 8, 2022/09/30, 23:32:09.946, 100209522493, datacollector.dll, DataCollectionTestCaseEventHandler: Test case starting.
TpTrace Information: 0 : 22184, 8, 2022/09/30, 23:32:09.946, 100209531488, datacollector.dll, BlameCollector.EventsTestCaseStart: Test Case Start
TpTrace Verbose: 0 : 22184, 8, 2022/09/30, 23:32:09.947, 100209532512, datacollector.dll, MulticastDelegateUtilities.SafeInvoke: DataCollectionEvents.TestCaseStart: Invoking callback 1/1 for Microsoft.TestPlatform.Extensions.BlameDataCollector.BlameCollector.EventsTestCaseStart, took 0 ms.
TpTrace Information: 0 : 22184, 8, 2022/09/30, 23:32:09.947, 100209533716, datacollector.dll, DataCollectionTestCaseEventHandler: Test case 'testSimpleVar - 0e3f89dd-6ae3-9b0c-a574-d79d71859d4e' started.
TpTrace Information: 0 : 22184, 8, 2022/09/30, 23:32:09.948, 100209549411, datacollector.dll, DataCollectionTestCaseEventHandler: Test case completing.
TpTrace Information: 0 : 22184, 8, 2022/09/30, 23:32:09.949, 100209559413, datacollector.dll, BlameCollector.EventsTestCaseEnd: Test Case End
TpTrace Verbose: 0 : 22184, 8, 2022/09/30, 23:32:09.949, 100209560281, datacollector.dll, MulticastDelegateUtilities.SafeInvoke: DataCollectionEvents.TestCaseEnd: Invoking callback 1/1 for Microsoft.TestPlatform.Extensions.BlameDataCollector.BlameCollector.EventsTestCaseEnd, took 0 ms.
TpTrace Information: 0 : 22184, 8, 2022/09/30, 23:32:09.949, 100209561558, datacollector.dll, DataCollectionTestCaseEventHandler: Test case 'testSimpleVar - 0e3f89dd-6ae3-9b0c-a574-d79d71859d4e' completed
TpTrace Information: 0 : 22184, 8, 2022/09/30, 23:32:09.951, 100209572742, datacollector.dll, DataCollectionTestCaseEventHandler: Test case starting.
TpTrace Information: 0 : 22184, 8, 2022/09/30, 23:32:09.951, 100209581822, datacollector.dll, BlameCollector.EventsTestCaseStart: Test Case Start
TpTrace Verbose: 0 : 22184, 8, 2022/09/30, 23:32:09.952, 100209582672, datacollector.dll, MulticastDelegateUtilities.SafeInvoke: DataCollectionEvents.TestCaseStart: Invoking callback 1/1 for Microsoft.TestPlatform.Extensions.BlameDataCollector.BlameCollector.EventsTestCaseStart, took 0 ms.
TpTrace Information: 0 : 22184, 8, 2022/09/30, 23:32:09.952, 100209583814, datacollector.dll, DataCollectionTestCaseEventHandler: Test case 'testSimpleVar2 - 59ed15c3-2834-2fb4-6729-d0a961fa9dc9' started.
TpTrace Information: 0 : 22184, 8, 2022/09/30, 23:32:09.953, 100209599912, datacollector.dll, DataCollectionTestCaseEventHandler: Test case completing.
TpTrace Information: 0 : 22184, 8, 2022/09/30, 23:32:09.954, 100209609117, datacollector.dll, BlameCollector.EventsTestCaseEnd: Test Case End
TpTrace Verbose: 0 : 22184, 8, 2022/09/30, 23:32:09.954, 100209609990, datacollector.dll, MulticastDelegateUtilities.SafeInvoke: DataCollectionEvents.TestCaseEnd: Invoking callback 1/1 for Microsoft.TestPlatform.Extensions.BlameDataCollector.BlameCollector.EventsTestCaseEnd, took 0 ms.
TpTrace Information: 0 : 22184, 8, 2022/09/30, 23:32:09.954, 100209611285, datacollector.dll, DataCollectionTestCaseEventHandler: Test case 'testSimpleVar2 - 59ed15c3-2834-2fb4-6729-d0a961fa9dc9' completed
TpTrace Information: 0 : 22184, 8, 2022/09/30, 23:32:09.975, 100209813008, datacollector.dll, DataCollectionTestCaseEventHandler: Test case starting.
TpTrace Information: 0 : 22184, 8, 2022/09/30, 23:32:09.976, 100209823645, datacollector.dll, BlameCollector.EventsTestCaseStart: Test Case Start
TpTrace Verbose: 0 : 22184, 8, 2022/09/30, 23:32:09.976, 100209824562, datacollector.dll, MulticastDelegateUtilities.SafeInvoke: DataCollectionEvents.TestCaseStart: Invoking callback 1/1 for Microsoft.TestPlatform.Extensions.BlameDataCollector.BlameCollector.EventsTestCaseStart, took 0 ms.
TpTrace Information: 0 : 22184, 8, 2022/09/30, 23:32:09.976, 100209825918, datacollector.dll, DataCollectionTestCaseEventHandler: Test case 'testSimpleVar3 - f56b1aa1-d5a7-f343-774b-eca6dc825352' started.
TpTrace Information: 0 : 22184, 8, 2022/09/30, 23:32:09.977, 100209841573, datacollector.dll, DataCollectionTestCaseEventHandler: Test case completing.
TpTrace Information: 0 : 22184, 8, 2022/09/30, 23:32:09.978, 100209850805, datacollector.dll, BlameCollector.EventsTestCaseEnd: Test Case End
TpTrace Verbose: 0 : 22184, 8, 2022/09/30, 23:32:09.978, 100209851655, datacollector.dll, MulticastDelegateUtilities.SafeInvoke: DataCollectionEvents.TestCaseEnd: Invoking callback 1/1 for Microsoft.TestPlatform.Extensions.BlameDataCollector.BlameCollector.EventsTestCaseEnd, took 0 ms.
TpTrace Information: 0 : 22184, 8, 2022/09/30, 23:32:09.979, 100209853151, datacollector.dll, DataCollectionTestCaseEventHandler: Test case 'testSimpleVar3 - f56b1aa1-d5a7-f343-774b-eca6dc825352' completed
TpTrace Information: 0 : 22184, 8, 2022/09/30, 23:32:09.980, 100209863787, datacollector.dll, DataCollectionTestCaseEventHandler: Test case starting.
TpTrace Information: 0 : 22184, 8, 2022/09/30, 23:32:09.981, 100209872719, datacollector.dll, BlameCollector.EventsTestCaseStart: Test Case Start
TpTrace Verbose: 0 : 22184, 8, 2022/09/30, 23:32:09.981, 100209873550, datacollector.dll, MulticastDelegateUtilities.SafeInvoke: DataCollectionEvents.TestCaseStart: Invoking callback 1/1 for Microsoft.TestPlatform.Extensions.BlameDataCollector.BlameCollector.EventsTestCaseStart, took 0 ms.
TpTrace Information: 0 : 22184, 8, 2022/09/30, 23:32:09.981, 100209874814, datacollector.dll, DataCollectionTestCaseEventHandler: Test case 'testSimpleVar4 - d8df6ae1-b69d-dc94-0287-9212b9d4e1b0' started.
TpTrace Information: 0 : 22184, 8, 2022/09/30, 23:32:09.982, 100209888999, datacollector.dll, DataCollectionTestCaseEventHandler: Test case completing.
TpTrace Information: 0 : 22184, 8, 2022/09/30, 23:32:09.984, 100209903294, datacollector.dll, BlameCollector.EventsTestCaseEnd: Test Case End
TpTrace Verbose: 0 : 22184, 8, 2022/09/30, 23:32:09.984, 100209904569, datacollector.dll, MulticastDelegateUtilities.SafeInvoke: DataCollectionEvents.TestCaseEnd: Invoking callback 1/1 for Microsoft.TestPlatform.Extensions.BlameDataCollector.BlameCollector.EventsTestCaseEnd, took 0 ms.
TpTrace Information: 0 : 22184, 8, 2022/09/30, 23:32:09.984, 100209906519, datacollector.dll, DataCollectionTestCaseEventHandler: Test case 'testSimpleVar4 - d8df6ae1-b69d-dc94-0287-9212b9d4e1b0' completed
TpTrace Information: 0 : 22184, 8, 2022/09/30, 23:32:09.985, 100209916123, datacollector.dll, DataCollectionTestCaseEventHandler: Test case starting.
TpTrace Information: 0 : 22184, 8, 2022/09/30, 23:32:09.986, 100209925518, datacollector.dll, BlameCollector.EventsTestCaseStart: Test Case Start
TpTrace Verbose: 0 : 22184, 8, 2022/09/30, 23:32:09.986, 100209926554, datacollector.dll, MulticastDelegateUtilities.SafeInvoke: DataCollectionEvents.TestCaseStart: Invoking callback 1/1 for Microsoft.TestPlatform.Extensions.BlameDataCollector.BlameCollector.EventsTestCaseStart, took 0 ms.
TpTrace Information: 0 : 22184, 8, 2022/09/30, 23:32:09.986, 100209928761, datacollector.dll, DataCollectionTestCaseEventHandler: Test case 'testSimpleComb - fda7dd4f-515e-6037-4758-6b538337305a' started.
TpTrace Information: 0 : 22184, 8, 2022/09/30, 23:32:09.988, 100209943908, datacollector.dll, DataCollectionTestCaseEventHandler: Test case completing.
TpTrace Information: 0 : 22184, 8, 2022/09/30, 23:32:09.989, 100209952460, datacollector.dll, BlameCollector.EventsTestCaseEnd: Test Case End
TpTrace Verbose: 0 : 22184, 8, 2022/09/30, 23:32:09.989, 100209953292, datacollector.dll, MulticastDelegateUtilities.SafeInvoke: DataCollectionEvents.TestCaseEnd: Invoking callback 1/1 for Microsoft.TestPlatform.Extensions.BlameDataCollector.BlameCollector.EventsTestCaseEnd, took 0 ms.
TpTrace Information: 0 : 22184, 8, 2022/09/30, 23:32:09.989, 100209954579, datacollector.dll, DataCollectionTestCaseEventHandler: Test case 'testSimpleComb - fda7dd4f-515e-6037-4758-6b538337305a' completed
TpTrace Information: 0 : 22184, 8, 2022/09/30, 23:32:09.990, 100209964830, datacollector.dll, DataCollectionTestCaseEventHandler: Test case starting.
TpTrace Information: 0 : 22184, 8, 2022/09/30, 23:32:09.991, 100209973416, datacollector.dll, BlameCollector.EventsTestCaseStart: Test Case Start
TpTrace Verbose: 0 : 22184, 8, 2022/09/30, 23:32:09.991, 100209974247, datacollector.dll, MulticastDelegateUtilities.SafeInvoke: DataCollectionEvents.TestCaseStart: Invoking callback 1/1 for Microsoft.TestPlatform.Extensions.BlameDataCollector.BlameCollector.EventsTestCaseStart, took 0 ms.
TpTrace Information: 0 : 22184, 8, 2022/09/30, 23:32:09.991, 100209975356, datacollector.dll, DataCollectionTestCaseEventHandler: Test case 'testSimpleComb2 - c2faab75-ec65-4c83-0fb6-22efdafba9c9' started.
TpTrace Information: 0 : 22184, 8, 2022/09/30, 23:32:09.992, 100209989452, datacollector.dll, DataCollectionTestCaseEventHandler: Test case completing.
TpTrace Information: 0 : 22184, 8, 2022/09/30, 23:32:09.993, 100209997265, datacollector.dll, BlameCollector.EventsTestCaseEnd: Test Case End
TpTrace Verbose: 0 : 22184, 8, 2022/09/30, 23:32:09.993, 100209998098, datacollector.dll, MulticastDelegateUtilities.SafeInvoke: DataCollectionEvents.TestCaseEnd: Invoking callback 1/1 for Microsoft.TestPlatform.Extensions.BlameDataCollector.BlameCollector.EventsTestCaseEnd, took 0 ms.
TpTrace Information: 0 : 22184, 8, 2022/09/30, 23:32:09.993, 100209999471, datacollector.dll, DataCollectionTestCaseEventHandler: Test case 'testSimpleComb2 - c2faab75-ec65-4c83-0fb6-22efdafba9c9' completed
TpTrace Information: 0 : 22184, 8, 2022/09/30, 23:32:09.994, 100210008832, datacollector.dll, DataCollectionTestCaseEventHandler: Test case starting.
TpTrace Information: 0 : 22184, 8, 2022/09/30, 23:32:09.995, 100210018004, datacollector.dll, BlameCollector.EventsTestCaseStart: Test Case Start
TpTrace Verbose: 0 : 22184, 8, 2022/09/30, 23:32:09.995, 100210018926, datacollector.dll, MulticastDelegateUtilities.SafeInvoke: DataCollectionEvents.TestCaseStart: Invoking callback 1/1 for Microsoft.TestPlatform.Extensions.BlameDataCollector.BlameCollector.EventsTestCaseStart, took 0 ms.
TpTrace Information: 0 : 22184, 8, 2022/09/30, 23:32:09.995, 100210020047, datacollector.dll, DataCollectionTestCaseEventHandler: Test case 'TestDominatorZero - 949d10c2-e034-7aca-f63e-1bc9cc30457a' started.
TpTrace Information: 0 : 22184, 8, 2022/09/30, 23:32:09.997, 100210040484, datacollector.dll, DataCollectionTestCaseEventHandler: Test case completing.
TpTrace Information: 0 : 22184, 8, 2022/09/30, 23:32:09.998, 100210048920, datacollector.dll, BlameCollector.EventsTestCaseEnd: Test Case End
TpTrace Verbose: 0 : 22184, 8, 2022/09/30, 23:32:09.998, 100210049786, datacollector.dll, MulticastDelegateUtilities.SafeInvoke: DataCollectionEvents.TestCaseEnd: Invoking callback 1/1 for Microsoft.TestPlatform.Extensions.BlameDataCollector.BlameCollector.EventsTestCaseEnd, took 0 ms.
TpTrace Information: 0 : 22184, 8, 2022/09/30, 23:32:09.998, 100210051242, datacollector.dll, DataCollectionTestCaseEventHandler: Test case 'TestDominatorZero - 949d10c2-e034-7aca-f63e-1bc9cc30457a' completed
TpTrace Information: 0 : 22184, 8, 2022/09/30, 23:32:09.999, 100210060247, datacollector.dll, DataCollectionTestCaseEventHandler: Test case starting.
TpTrace Information: 0 : 22184, 8, 2022/09/30, 23:32:10.000, 100210069536, datacollector.dll, BlameCollector.EventsTestCaseStart: Test Case Start
TpTrace Verbose: 0 : 22184, 8, 2022/09/30, 23:32:10.000, 100210070574, datacollector.dll, MulticastDelegateUtilities.SafeInvoke: DataCollectionEvents.TestCaseStart: Invoking callback 1/1 for Microsoft.TestPlatform.Extensions.BlameDataCollector.BlameCollector.EventsTestCaseStart, took 0 ms.
TpTrace Information: 0 : 22184, 8, 2022/09/30, 23:32:10.000, 100210071761, datacollector.dll, DataCollectionTestCaseEventHandler: Test case 'TestDominatorZero2 - a33d226e-4760-827a-79d6-8e983582e910' started.
TpTrace Information: 0 : 22184, 8, 2022/09/30, 23:32:10.002, 100210086073, datacollector.dll, DataCollectionTestCaseEventHandler: Test case completing.
TpTrace Information: 0 : 22184, 8, 2022/09/30, 23:32:10.003, 100210094578, datacollector.dll, BlameCollector.EventsTestCaseEnd: Test Case End
TpTrace Verbose: 0 : 22184, 8, 2022/09/30, 23:32:10.003, 100210095569, datacollector.dll, MulticastDelegateUtilities.SafeInvoke: DataCollectionEvents.TestCaseEnd: Invoking callback 1/1 for Microsoft.TestPlatform.Extensions.BlameDataCollector.BlameCollector.EventsTestCaseEnd, took 0 ms.
TpTrace Information: 0 : 22184, 8, 2022/09/30, 23:32:10.003, 100210097059, datacollector.dll, DataCollectionTestCaseEventHandler: Test case 'TestDominatorZero2 - a33d226e-4760-827a-79d6-8e983582e910' completed
TpTrace Information: 0 : 22184, 8, 2022/09/30, 23:32:10.004, 100210106565, datacollector.dll, DataCollectionTestCaseEventHandler: Test case starting.
TpTrace Information: 0 : 22184, 8, 2022/09/30, 23:32:10.005, 100210114226, datacollector.dll, BlameCollector.EventsTestCaseStart: Test Case Start
TpTrace Verbose: 0 : 22184, 8, 2022/09/30, 23:32:10.005, 100210115036, datacollector.dll, MulticastDelegateUtilities.SafeInvoke: DataCollectionEvents.TestCaseStart: Invoking callback 1/1 for Microsoft.TestPlatform.Extensions.BlameDataCollector.BlameCollector.EventsTestCaseStart, took 0 ms.
TpTrace Information: 0 : 22184, 8, 2022/09/30, 23:32:10.005, 100210116097, datacollector.dll, DataCollectionTestCaseEventHandler: Test case 'TestWrongConstructor - 68dc027b-a261-5a64-9c60-08ad4126bae4' started.
TpTrace Information: 0 : 22184, 8, 2022/09/30, 23:32:10.009, 100210155782, datacollector.dll, DataCollectionTestCaseEventHandler: Test case completing.
TpTrace Information: 0 : 22184, 8, 2022/09/30, 23:32:10.010, 100210164621, datacollector.dll, BlameCollector.EventsTestCaseEnd: Test Case End
TpTrace Verbose: 0 : 22184, 8, 2022/09/30, 23:32:10.010, 100210165531, datacollector.dll, MulticastDelegateUtilities.SafeInvoke: DataCollectionEvents.TestCaseEnd: Invoking callback 1/1 for Microsoft.TestPlatform.Extensions.BlameDataCollector.BlameCollector.EventsTestCaseEnd, took 0 ms.
TpTrace Information: 0 : 22184, 8, 2022/09/30, 23:32:10.010, 100210166934, datacollector.dll, DataCollectionTestCaseEventHandler: Test case 'TestWrongConstructor - 68dc027b-a261-5a64-9c60-08ad4126bae4' completed
TpTrace Information: 0 : 22184, 8, 2022/09/30, 23:32:10.011, 100210176340, datacollector.dll, DataCollectionTestCaseEventHandler: Test case starting.
TpTrace Information: 0 : 22184, 8, 2022/09/30, 23:32:10.012, 100210184478, datacollector.dll, BlameCollector.EventsTestCaseStart: Test Case Start
TpTrace Verbose: 0 : 22184, 8, 2022/09/30, 23:32:10.012, 100210185274, datacollector.dll, MulticastDelegateUtilities.SafeInvoke: DataCollectionEvents.TestCaseStart: Invoking callback 1/1 for Microsoft.TestPlatform.Extensions.BlameDataCollector.BlameCollector.EventsTestCaseStart, took 0 ms.
TpTrace Information: 0 : 22184, 8, 2022/09/30, 23:32:10.012, 100210186405, datacollector.dll, DataCollectionTestCaseEventHandler: Test case 'TestCorrectConstructor - 6cac82e3-d49f-d286-d491-f22fecc56290' started.
TpTrace Information: 0 : 22184, 8, 2022/09/30, 23:32:10.013, 100210198894, datacollector.dll, DataCollectionTestCaseEventHandler: Test case completing.
TpTrace Information: 0 : 22184, 8, 2022/09/30, 23:32:10.015, 100210214723, datacollector.dll, BlameCollector.EventsTestCaseEnd: Test Case End
TpTrace Verbose: 0 : 22184, 8, 2022/09/30, 23:32:10.015, 100210216169, datacollector.dll, MulticastDelegateUtilities.SafeInvoke: DataCollectionEvents.TestCaseEnd: Invoking callback 1/1 for Microsoft.TestPlatform.Extensions.BlameDataCollector.BlameCollector.EventsTestCaseEnd, took 0 ms.
TpTrace Information: 0 : 22184, 8, 2022/09/30, 23:32:10.015, 100210218669, datacollector.dll, DataCollectionTestCaseEventHandler: Test case 'TestCorrectConstructor - 6cac82e3-d49f-d286-d491-f22fecc56290' completed
TpTrace Information: 0 : 22184, 8, 2022/09/30, 23:32:10.016, 100210227502, datacollector.dll, DataCollectionTestCaseEventHandler: Test case starting.
TpTrace Information: 0 : 22184, 8, 2022/09/30, 23:32:10.017, 100210235985, datacollector.dll, BlameCollector.EventsTestCaseStart: Test Case Start
TpTrace Verbose: 0 : 22184, 8, 2022/09/30, 23:32:10.017, 100210237079, datacollector.dll, MulticastDelegateUtilities.SafeInvoke: DataCollectionEvents.TestCaseStart: Invoking callback 1/1 for Microsoft.TestPlatform.Extensions.BlameDataCollector.BlameCollector.EventsTestCaseStart, took 0 ms.
TpTrace Information: 0 : 22184, 8, 2022/09/30, 23:32:10.017, 100210238352, datacollector.dll, DataCollectionTestCaseEventHandler: Test case 'TestCorrectConstructor2 - 9ec09d39-63b1-62b2-5475-b5462b81d07d' started.
TpTrace Information: 0 : 22184, 8, 2022/09/30, 23:32:10.018, 100210251062, datacollector.dll, DataCollectionTestCaseEventHandler: Test case completing.
TpTrace Information: 0 : 22184, 8, 2022/09/30, 23:32:10.019, 100210258916, datacollector.dll, BlameCollector.EventsTestCaseEnd: Test Case End
TpTrace Verbose: 0 : 22184, 8, 2022/09/30, 23:32:10.019, 100210259709, datacollector.dll, MulticastDelegateUtilities.SafeInvoke: DataCollectionEvents.TestCaseEnd: Invoking callback 1/1 for Microsoft.TestPlatform.Extensions.BlameDataCollector.BlameCollector.EventsTestCaseEnd, took 0 ms.
TpTrace Information: 0 : 22184, 8, 2022/09/30, 23:32:10.019, 100210260882, datacollector.dll, DataCollectionTestCaseEventHandler: Test case 'TestCorrectConstructor2 - 9ec09d39-63b1-62b2-5475-b5462b81d07d' completed
TpTrace Information: 0 : 22184, 8, 2022/09/30, 23:32:10.031, 100210372787, datacollector.dll, DataCollectionTestCaseEventHandler: Test case starting.
TpTrace Information: 0 : 22184, 8, 2022/09/30, 23:32:10.032, 100210389201, datacollector.dll, BlameCollector.EventsTestCaseStart: Test Case Start
TpTrace Verbose: 0 : 22184, 8, 2022/09/30, 23:32:10.032, 100210390512, datacollector.dll, MulticastDelegateUtilities.SafeInvoke: DataCollectionEvents.TestCaseStart: Invoking callback 1/1 for Microsoft.TestPlatform.Extensions.BlameDataCollector.BlameCollector.EventsTestCaseStart, took 0 ms.
TpTrace Information: 0 : 22184, 8, 2022/09/30, 23:32:10.033, 100210392402, datacollector.dll, DataCollectionTestCaseEventHandler: Test case 'TestEmptyConstructor - 4d49add7-9fc3-8250-2534-297da17cc5c0' started.
TpTrace Information: 0 : 22184, 8, 2022/09/30, 23:32:10.035, 100210414197, datacollector.dll, DataCollectionTestCaseEventHandler: Test case completing.
TpTrace Information: 0 : 22184, 8, 2022/09/30, 23:32:10.036, 100210428173, datacollector.dll, BlameCollector.EventsTestCaseEnd: Test Case End
TpTrace Verbose: 0 : 22184, 8, 2022/09/30, 23:32:10.036, 100210429576, datacollector.dll, MulticastDelegateUtilities.SafeInvoke: DataCollectionEvents.TestCaseEnd: Invoking callback 1/1 for Microsoft.TestPlatform.Extensions.BlameDataCollector.BlameCollector.EventsTestCaseEnd, took 0 ms.
TpTrace Information: 0 : 22184, 8, 2022/09/30, 23:32:10.036, 100210431690, datacollector.dll, DataCollectionTestCaseEventHandler: Test case 'TestEmptyConstructor - 4d49add7-9fc3-8250-2534-297da17cc5c0' completed
TpTrace Information: 0 : 22184, 8, 2022/09/30, 23:32:10.038, 100210442851, datacollector.dll, DataCollectionTestCaseEventHandler: Test case starting.
TpTrace Information: 0 : 22184, 8, 2022/09/30, 23:32:10.039, 100210457269, datacollector.dll, BlameCollector.EventsTestCaseStart: Test Case Start
TpTrace Verbose: 0 : 22184, 8, 2022/09/30, 23:32:10.039, 100210458453, datacollector.dll, MulticastDelegateUtilities.SafeInvoke: DataCollectionEvents.TestCaseStart: Invoking callback 1/1 for Microsoft.TestPlatform.Extensions.BlameDataCollector.BlameCollector.EventsTestCaseStart, took 0 ms.
TpTrace Information: 0 : 22184, 8, 2022/09/30, 23:32:10.039, 100210459991, datacollector.dll, DataCollectionTestCaseEventHandler: Test case 'TestWrongFirstToken - 3c73bb61-3cff-f288-d92e-75dedc4dc075' started.
TpTrace Information: 0 : 22184, 8, 2022/09/30, 23:32:10.041, 100210476833, datacollector.dll, DataCollectionTestCaseEventHandler: Test case completing.
TpTrace Information: 0 : 22184, 8, 2022/09/30, 23:32:10.042, 100210485305, datacollector.dll, BlameCollector.EventsTestCaseEnd: Test Case End
TpTrace Verbose: 0 : 22184, 8, 2022/09/30, 23:32:10.042, 100210486302, datacollector.dll, MulticastDelegateUtilities.SafeInvoke: DataCollectionEvents.TestCaseEnd: Invoking callback 1/1 for Microsoft.TestPlatform.Extensions.BlameDataCollector.BlameCollector.EventsTestCaseEnd, took 0 ms.
TpTrace Information: 0 : 22184, 8, 2022/09/30, 23:32:10.042, 100210488417, datacollector.dll, DataCollectionTestCaseEventHandler: Test case 'TestWrongFirstToken - 3c73bb61-3cff-f288-d92e-75dedc4dc075' completed
TpTrace Information: 0 : 22184, 8, 2022/09/30, 23:32:10.043, 100210496451, datacollector.dll, DataCollectionTestCaseEventHandler: Test case starting.
TpTrace Information: 0 : 22184, 8, 2022/09/30, 23:32:10.044, 100210505300, datacollector.dll, BlameCollector.EventsTestCaseStart: Test Case Start
TpTrace Verbose: 0 : 22184, 8, 2022/09/30, 23:32:10.044, 100210506363, datacollector.dll, MulticastDelegateUtilities.SafeInvoke: DataCollectionEvents.TestCaseStart: Invoking callback 1/1 for Microsoft.TestPlatform.Extensions.BlameDataCollector.BlameCollector.EventsTestCaseStart, took 0 ms.
TpTrace Information: 0 : 22184, 8, 2022/09/30, 23:32:10.044, 100210508084, datacollector.dll, DataCollectionTestCaseEventHandler: Test case 'TestWrongFirstToken2 - 0b6a4f85-e52f-2bb3-6dd2-1ac4fe44d782' started.
TpTrace Information: 0 : 22184, 8, 2022/09/30, 23:32:10.046, 100210529504, datacollector.dll, DataCollectionTestCaseEventHandler: Test case completing.
TpTrace Information: 0 : 22184, 8, 2022/09/30, 23:32:10.048, 100210542766, datacollector.dll, BlameCollector.EventsTestCaseEnd: Test Case End
TpTrace Verbose: 0 : 22184, 8, 2022/09/30, 23:32:10.048, 100210543963, datacollector.dll, MulticastDelegateUtilities.SafeInvoke: DataCollectionEvents.TestCaseEnd: Invoking callback 1/1 for Microsoft.TestPlatform.Extensions.BlameDataCollector.BlameCollector.EventsTestCaseEnd, took 0 ms.
TpTrace Information: 0 : 22184, 8, 2022/09/30, 23:32:10.048, 100210545679, datacollector.dll, DataCollectionTestCaseEventHandler: Test case 'TestWrongFirstToken2 - 0b6a4f85-e52f-2bb3-6dd2-1ac4fe44d782' completed
TpTrace Information: 0 : 22184, 8, 2022/09/30, 23:32:10.049, 100210556675, datacollector.dll, DataCollectionTestCaseEventHandler: Test case starting.
TpTrace Information: 0 : 22184, 8, 2022/09/30, 23:32:10.050, 100210566741, datacollector.dll, BlameCollector.EventsTestCaseStart: Test Case Start
TpTrace Verbose: 0 : 22184, 8, 2022/09/30, 23:32:10.050, 100210567754, datacollector.dll, MulticastDelegateUtilities.SafeInvoke: DataCollectionEvents.TestCaseStart: Invoking callback 1/1 for Microsoft.TestPlatform.Extensions.BlameDataCollector.BlameCollector.EventsTestCaseStart, took 0 ms.
TpTrace Information: 0 : 22184, 8, 2022/09/30, 23:32:10.050, 100210568895, datacollector.dll, DataCollectionTestCaseEventHandler: Test case 'TestWrongFirstToken3 - 8daa61e7-218f-188b-566b-9c51419d706e' started.
TpTrace Information: 0 : 22184, 8, 2022/09/30, 23:32:10.052, 100210585988, datacollector.dll, DataCollectionTestCaseEventHandler: Test case completing.
TpTrace Information: 0 : 22184, 8, 2022/09/30, 23:32:10.053, 100210595625, datacollector.dll, BlameCollector.EventsTestCaseEnd: Test Case End
TpTrace Verbose: 0 : 22184, 8, 2022/09/30, 23:32:10.053, 100210596829, datacollector.dll, MulticastDelegateUtilities.SafeInvoke: DataCollectionEvents.TestCaseEnd: Invoking callback 1/1 for Microsoft.TestPlatform.Extensions.BlameDataCollector.BlameCollector.EventsTestCaseEnd, took 0 ms.
TpTrace Information: 0 : 22184, 8, 2022/09/30, 23:32:10.053, 100210598383, datacollector.dll, DataCollectionTestCaseEventHandler: Test case 'TestWrongFirstToken3 - 8daa61e7-218f-188b-566b-9c51419d706e' completed
TpTrace Information: 0 : 22184, 8, 2022/09/30, 23:32:10.054, 100210608602, datacollector.dll, DataCollectionTestCaseEventHandler: Test case starting.
TpTrace Information: 0 : 22184, 8, 2022/09/30, 23:32:10.055, 100210622241, datacollector.dll, BlameCollector.EventsTestCaseStart: Test Case Start
TpTrace Verbose: 0 : 22184, 8, 2022/09/30, 23:32:10.056, 100210623681, datacollector.dll, MulticastDelegateUtilities.SafeInvoke: DataCollectionEvents.TestCaseStart: Invoking callback 1/1 for Microsoft.TestPlatform.Extensions.BlameDataCollector.BlameCollector.EventsTestCaseStart, took 0 ms.
TpTrace Information: 0 : 22184, 8, 2022/09/30, 23:32:10.056, 100210625588, datacollector.dll, DataCollectionTestCaseEventHandler: Test case 'TestWrongFirstToken4 - d241d0e3-433f-5027-901e-11b65756e3fa' started.
TpTrace Information: 0 : 22184, 8, 2022/09/30, 23:32:10.058, 100210644107, datacollector.dll, DataCollectionTestCaseEventHandler: Test case completing.
TpTrace Information: 0 : 22184, 8, 2022/09/30, 23:32:10.058, 100210652081, datacollector.dll, BlameCollector.EventsTestCaseEnd: Test Case End
TpTrace Verbose: 0 : 22184, 8, 2022/09/30, 23:32:10.059, 100210652910, datacollector.dll, MulticastDelegateUtilities.SafeInvoke: DataCollectionEvents.TestCaseEnd: Invoking callback 1/1 for Microsoft.TestPlatform.Extensions.BlameDataCollector.BlameCollector.EventsTestCaseEnd, took 0 ms.
TpTrace Information: 0 : 22184, 8, 2022/09/30, 23:32:10.059, 100210654244, datacollector.dll, DataCollectionTestCaseEventHandler: Test case 'TestWrongFirstToken4 - d241d0e3-433f-5027-901e-11b65756e3fa' completed
TpTrace Information: 0 : 22184, 8, 2022/09/30, 23:32:10.060, 100210663531, datacollector.dll, DataCollectionTestCaseEventHandler: Test case starting.
TpTrace Information: 0 : 22184, 8, 2022/09/30, 23:32:10.065, 100210719814, datacollector.dll, BlameCollector.EventsTestCaseStart: Test Case Start
TpTrace Verbose: 0 : 22184, 8, 2022/09/30, 23:32:10.065, 100210721430, datacollector.dll, MulticastDelegateUtilities.SafeInvoke: DataCollectionEvents.TestCaseStart: Invoking callback 1/1 for Microsoft.TestPlatform.Extensions.BlameDataCollector.BlameCollector.EventsTestCaseStart, took 0 ms.
TpTrace Information: 0 : 22184, 8, 2022/09/30, 23:32:10.066, 100210723444, datacollector.dll, DataCollectionTestCaseEventHandler: Test case 'TestWrongFirstToken5 - adfec40d-9dc3-f9e0-df9e-ed5056bb3e2a' started.
TpTrace Information: 0 : 22184, 8, 2022/09/30, 23:32:10.068, 100210747631, datacollector.dll, DataCollectionTestCaseEventHandler: Test case completing.
TpTrace Information: 0 : 22184, 8, 2022/09/30, 23:32:10.069, 100210756231, datacollector.dll, BlameCollector.EventsTestCaseEnd: Test Case End
TpTrace Verbose: 0 : 22184, 8, 2022/09/30, 23:32:10.069, 100210757491, datacollector.dll, MulticastDelegateUtilities.SafeInvoke: DataCollectionEvents.TestCaseEnd: Invoking callback 1/1 for Microsoft.TestPlatform.Extensions.BlameDataCollector.BlameCollector.EventsTestCaseEnd, took 0 ms.
TpTrace Information: 0 : 22184, 8, 2022/09/30, 23:32:10.069, 100210759100, datacollector.dll, DataCollectionTestCaseEventHandler: Test case 'TestWrongFirstToken5 - adfec40d-9dc3-f9e0-df9e-ed5056bb3e2a' completed
TpTrace Information: 0 : 22184, 8, 2022/09/30, 23:32:10.070, 100210767986, datacollector.dll, DataCollectionTestCaseEventHandler: Test case starting.
TpTrace Information: 0 : 22184, 8, 2022/09/30, 23:32:10.071, 100210774860, datacollector.dll, BlameCollector.EventsTestCaseStart: Test Case Start
TpTrace Verbose: 0 : 22184, 8, 2022/09/30, 23:32:10.071, 100210775708, datacollector.dll, MulticastDelegateUtilities.SafeInvoke: DataCollectionEvents.TestCaseStart: Invoking callback 1/1 for Microsoft.TestPlatform.Extensions.BlameDataCollector.BlameCollector.EventsTestCaseStart, took 0 ms.
TpTrace Information: 0 : 22184, 8, 2022/09/30, 23:32:10.071, 100210776865, datacollector.dll, DataCollectionTestCaseEventHandler: Test case 'TestWrongLastToken - cf303f4d-b3ce-99ed-661f-870fad634745' started.
TpTrace Information: 0 : 22184, 8, 2022/09/30, 23:32:10.073, 100210795908, datacollector.dll, DataCollectionTestCaseEventHandler: Test case completing.
TpTrace Information: 0 : 22184, 8, 2022/09/30, 23:32:10.074, 100210804372, datacollector.dll, BlameCollector.EventsTestCaseEnd: Test Case End
TpTrace Verbose: 0 : 22184, 8, 2022/09/30, 23:32:10.074, 100210805259, datacollector.dll, MulticastDelegateUtilities.SafeInvoke: DataCollectionEvents.TestCaseEnd: Invoking callback 1/1 for Microsoft.TestPlatform.Extensions.BlameDataCollector.BlameCollector.EventsTestCaseEnd, took 0 ms.
TpTrace Information: 0 : 22184, 8, 2022/09/30, 23:32:10.074, 100210806591, datacollector.dll, DataCollectionTestCaseEventHandler: Test case 'TestWrongLastToken - cf303f4d-b3ce-99ed-661f-870fad634745' completed
TpTrace Information: 0 : 22184, 8, 2022/09/30, 23:32:10.075, 100210814985, datacollector.dll, DataCollectionTestCaseEventHandler: Test case starting.
TpTrace Information: 0 : 22184, 8, 2022/09/30, 23:32:10.076, 100210825576, datacollector.dll, BlameCollector.EventsTestCaseStart: Test Case Start
TpTrace Verbose: 0 : 22184, 8, 2022/09/30, 23:32:10.076, 100210826750, datacollector.dll, MulticastDelegateUtilities.SafeInvoke: DataCollectionEvents.TestCaseStart: Invoking callback 1/1 for Microsoft.TestPlatform.Extensions.BlameDataCollector.BlameCollector.EventsTestCaseStart, took 0 ms.
TpTrace Information: 0 : 22184, 8, 2022/09/30, 23:32:10.076, 100210828180, datacollector.dll, DataCollectionTestCaseEventHandler: Test case 'TestWrongLastToken2 - a8e1f0ac-852c-f1f0-7087-3046d19e506b' started.
TpTrace Information: 0 : 22184, 8, 2022/09/30, 23:32:10.078, 100210849115, datacollector.dll, DataCollectionTestCaseEventHandler: Test case completing.
TpTrace Information: 0 : 22184, 8, 2022/09/30, 23:32:10.079, 100210856890, datacollector.dll, BlameCollector.EventsTestCaseEnd: Test Case End
TpTrace Verbose: 0 : 22184, 8, 2022/09/30, 23:32:10.079, 100210857776, datacollector.dll, MulticastDelegateUtilities.SafeInvoke: DataCollectionEvents.TestCaseEnd: Invoking callback 1/1 for Microsoft.TestPlatform.Extensions.BlameDataCollector.BlameCollector.EventsTestCaseEnd, took 0 ms.
TpTrace Information: 0 : 22184, 8, 2022/09/30, 23:32:10.079, 100210859078, datacollector.dll, DataCollectionTestCaseEventHandler: Test case 'TestWrongLastToken2 - a8e1f0ac-852c-f1f0-7087-3046d19e506b' completed
TpTrace Information: 0 : 22184, 8, 2022/09/30, 23:32:10.080, 100210867274, datacollector.dll, DataCollectionTestCaseEventHandler: Test case starting.
TpTrace Information: 0 : 22184, 8, 2022/09/30, 23:32:10.081, 100210875105, datacollector.dll, BlameCollector.EventsTestCaseStart: Test Case Start
TpTrace Verbose: 0 : 22184, 8, 2022/09/30, 23:32:10.081, 100210875969, datacollector.dll, MulticastDelegateUtilities.SafeInvoke: DataCollectionEvents.TestCaseStart: Invoking callback 1/1 for Microsoft.TestPlatform.Extensions.BlameDataCollector.BlameCollector.EventsTestCaseStart, took 0 ms.
TpTrace Information: 0 : 22184, 8, 2022/09/30, 23:32:10.081, 100210877265, datacollector.dll, DataCollectionTestCaseEventHandler: Test case 'TestWrongLastToken3 - 26b51d5f-ce67-15de-540d-a03569478350' started.
TpTrace Information: 0 : 22184, 8, 2022/09/30, 23:32:10.083, 100210895872, datacollector.dll, DataCollectionTestCaseEventHandler: Test case completing.
TpTrace Information: 0 : 22184, 8, 2022/09/30, 23:32:10.084, 100210904048, datacollector.dll, BlameCollector.EventsTestCaseEnd: Test Case End
TpTrace Verbose: 0 : 22184, 8, 2022/09/30, 23:32:10.084, 100210904963, datacollector.dll, MulticastDelegateUtilities.SafeInvoke: DataCollectionEvents.TestCaseEnd: Invoking callback 1/1 for Microsoft.TestPlatform.Extensions.BlameDataCollector.BlameCollector.EventsTestCaseEnd, took 0 ms.
TpTrace Information: 0 : 22184, 8, 2022/09/30, 23:32:10.084, 100210906394, datacollector.dll, DataCollectionTestCaseEventHandler: Test case 'TestWrongLastToken3 - 26b51d5f-ce67-15de-540d-a03569478350' completed
TpTrace Information: 0 : 22184, 8, 2022/09/30, 23:32:10.089, 100210962099, datacollector.dll, DataCollectionTestCaseEventHandler: Test case starting.
TpTrace Information: 0 : 22184, 8, 2022/09/30, 23:32:10.090, 100210971531, datacollector.dll, BlameCollector.EventsTestCaseStart: Test Case Start
TpTrace Verbose: 0 : 22184, 8, 2022/09/30, 23:32:10.091, 100210972522, datacollector.dll, MulticastDelegateUtilities.SafeInvoke: DataCollectionEvents.TestCaseStart: Invoking callback 1/1 for Microsoft.TestPlatform.Extensions.BlameDataCollector.BlameCollector.EventsTestCaseStart, took 0 ms.
TpTrace Information: 0 : 22184, 8, 2022/09/30, 23:32:10.091, 100210973826, datacollector.dll, DataCollectionTestCaseEventHandler: Test case 'TestWrongLastToken4 - 00f54607-007c-fe06-41e0-5f18f01f6438' started.
TpTrace Information: 0 : 22184, 8, 2022/09/30, 23:32:10.093, 100210999428, datacollector.dll, DataCollectionTestCaseEventHandler: Test case completing.
TpTrace Information: 0 : 22184, 8, 2022/09/30, 23:32:10.095, 100211018720, datacollector.dll, BlameCollector.EventsTestCaseEnd: Test Case End
TpTrace Verbose: 0 : 22184, 8, 2022/09/30, 23:32:10.095, 100211020917, datacollector.dll, MulticastDelegateUtilities.SafeInvoke: DataCollectionEvents.TestCaseEnd: Invoking callback 1/1 for Microsoft.TestPlatform.Extensions.BlameDataCollector.BlameCollector.EventsTestCaseEnd, took 0 ms.
TpTrace Information: 0 : 22184, 8, 2022/09/30, 23:32:10.096, 100211023811, datacollector.dll, DataCollectionTestCaseEventHandler: Test case 'TestWrongLastToken4 - 00f54607-007c-fe06-41e0-5f18f01f6438' completed
TpTrace Information: 0 : 22184, 8, 2022/09/30, 23:32:10.097, 100211037262, datacollector.dll, DataCollectionTestCaseEventHandler: Test case starting.
TpTrace Information: 0 : 22184, 8, 2022/09/30, 23:32:10.098, 100211049733, datacollector.dll, BlameCollector.EventsTestCaseStart: Test Case Start
TpTrace Verbose: 0 : 22184, 8, 2022/09/30, 23:32:10.099, 100211053100, datacollector.dll, MulticastDelegateUtilities.SafeInvoke: DataCollectionEvents.TestCaseStart: Invoking callback 1/1 for Microsoft.TestPlatform.Extensions.BlameDataCollector.BlameCollector.EventsTestCaseStart, took 0 ms.
TpTrace Information: 0 : 22184, 8, 2022/09/30, 23:32:10.099, 100211056377, datacollector.dll, DataCollectionTestCaseEventHandler: Test case 'TestWrongLastToken5 - 27839083-bed9-9729-be3d-22f7652ffba9' started.
TpTrace Information: 0 : 22184, 8, 2022/09/30, 23:32:10.101, 100211080653, datacollector.dll, DataCollectionTestCaseEventHandler: Test case completing.
TpTrace Information: 0 : 22184, 8, 2022/09/30, 23:32:10.103, 100211092613, datacollector.dll, BlameCollector.EventsTestCaseEnd: Test Case End
TpTrace Verbose: 0 : 22184, 8, 2022/09/30, 23:32:10.103, 100211093749, datacollector.dll, MulticastDelegateUtilities.SafeInvoke: DataCollectionEvents.TestCaseEnd: Invoking callback 1/1 for Microsoft.TestPlatform.Extensions.BlameDataCollector.BlameCollector.EventsTestCaseEnd, took 0 ms.
TpTrace Information: 0 : 22184, 8, 2022/09/30, 23:32:10.103, 100211095353, datacollector.dll, DataCollectionTestCaseEventHandler: Test case 'TestWrongLastToken5 - 27839083-bed9-9729-be3d-22f7652ffba9' completed
TpTrace Information: 0 : 22184, 8, 2022/09/30, 23:32:10.104, 100211105142, datacollector.dll, DataCollectionTestCaseEventHandler: Test case starting.
TpTrace Information: 0 : 22184, 8, 2022/09/30, 23:32:10.105, 100211113593, datacollector.dll, BlameCollector.EventsTestCaseStart: Test Case Start
TpTrace Verbose: 0 : 22184, 8, 2022/09/30, 23:32:10.105, 100211114459, datacollector.dll, MulticastDelegateUtilities.SafeInvoke: DataCollectionEvents.TestCaseStart: Invoking callback 1/1 for Microsoft.TestPlatform.Extensions.BlameDataCollector.BlameCollector.EventsTestCaseStart, took 0 ms.
TpTrace Information: 0 : 22184, 8, 2022/09/30, 23:32:10.105, 100211115963, datacollector.dll, DataCollectionTestCaseEventHandler: Test case 'TestUndefiendTokens - c0a4bc03-6662-944f-3c83-5661bd51dc28' started.
TpTrace Information: 0 : 22184, 8, 2022/09/30, 23:32:10.107, 100211136884, datacollector.dll, DataCollectionTestCaseEventHandler: Test case completing.
TpTrace Information: 0 : 22184, 8, 2022/09/30, 23:32:10.108, 100211145219, datacollector.dll, BlameCollector.EventsTestCaseEnd: Test Case End
TpTrace Verbose: 0 : 22184, 8, 2022/09/30, 23:32:10.108, 100211146086, datacollector.dll, MulticastDelegateUtilities.SafeInvoke: DataCollectionEvents.TestCaseEnd: Invoking callback 1/1 for Microsoft.TestPlatform.Extensions.BlameDataCollector.BlameCollector.EventsTestCaseEnd, took 0 ms.
TpTrace Information: 0 : 22184, 8, 2022/09/30, 23:32:10.108, 100211148025, datacollector.dll, DataCollectionTestCaseEventHandler: Test case 'TestUndefiendTokens - c0a4bc03-6662-944f-3c83-5661bd51dc28' completed
TpTrace Information: 0 : 22184, 8, 2022/09/30, 23:32:10.109, 100211157492, datacollector.dll, DataCollectionTestCaseEventHandler: Test case starting.
TpTrace Information: 0 : 22184, 8, 2022/09/30, 23:32:10.110, 100211165270, datacollector.dll, BlameCollector.EventsTestCaseStart: Test Case Start
TpTrace Verbose: 0 : 22184, 8, 2022/09/30, 23:32:10.110, 100211166104, datacollector.dll, MulticastDelegateUtilities.SafeInvoke: DataCollectionEvents.TestCaseStart: Invoking callback 1/1 for Microsoft.TestPlatform.Extensions.BlameDataCollector.BlameCollector.EventsTestCaseStart, took 0 ms.
TpTrace Information: 0 : 22184, 8, 2022/09/30, 23:32:10.110, 100211167334, datacollector.dll, DataCollectionTestCaseEventHandler: Test case 'TestUndefiendTokens2 - 9b073594-00cc-0f34-29cb-9134b2278e14' started.
TpTrace Information: 0 : 22184, 8, 2022/09/30, 23:32:10.112, 100211187995, datacollector.dll, DataCollectionTestCaseEventHandler: Test case completing.
TpTrace Information: 0 : 22184, 8, 2022/09/30, 23:32:10.113, 100211196502, datacollector.dll, BlameCollector.EventsTestCaseEnd: Test Case End
TpTrace Verbose: 0 : 22184, 8, 2022/09/30, 23:32:10.113, 100211197649, datacollector.dll, MulticastDelegateUtilities.SafeInvoke: DataCollectionEvents.TestCaseEnd: Invoking callback 1/1 for Microsoft.TestPlatform.Extensions.BlameDataCollector.BlameCollector.EventsTestCaseEnd, took 0 ms.
TpTrace Information: 0 : 22184, 8, 2022/09/30, 23:32:10.113, 100211199232, datacollector.dll, DataCollectionTestCaseEventHandler: Test case 'TestUndefiendTokens2 - 9b073594-00cc-0f34-29cb-9134b2278e14' completed
TpTrace Information: 0 : 22184, 8, 2022/09/30, 23:32:10.114, 100211211307, datacollector.dll, DataCollectionTestCaseEventHandler: Test case starting.
TpTrace Information: 0 : 22184, 8, 2022/09/30, 23:32:10.115, 100211218399, datacollector.dll, BlameCollector.EventsTestCaseStart: Test Case Start
TpTrace Verbose: 0 : 22184, 8, 2022/09/30, 23:32:10.115, 100211219239, datacollector.dll, MulticastDelegateUtilities.SafeInvoke: DataCollectionEvents.TestCaseStart: Invoking callback 1/1 for Microsoft.TestPlatform.Extensions.BlameDataCollector.BlameCollector.EventsTestCaseStart, took 0 ms.
TpTrace Information: 0 : 22184, 8, 2022/09/30, 23:32:10.115, 100211220508, datacollector.dll, DataCollectionTestCaseEventHandler: Test case 'TestUndefinedVariable - 306f930d-76de-3079-2deb-03e2afa7adb7' started.
TpTrace Information: 0 : 22184, 8, 2022/09/30, 23:32:10.117, 100211235007, datacollector.dll, DataCollectionTestCaseEventHandler: Test case completing.
TpTrace Information: 0 : 22184, 8, 2022/09/30, 23:32:10.118, 100211245353, datacollector.dll, BlameCollector.EventsTestCaseEnd: Test Case End
TpTrace Verbose: 0 : 22184, 8, 2022/09/30, 23:32:10.118, 100211246348, datacollector.dll, MulticastDelegateUtilities.SafeInvoke: DataCollectionEvents.TestCaseEnd: Invoking callback 1/1 for Microsoft.TestPlatform.Extensions.BlameDataCollector.BlameCollector.EventsTestCaseEnd, took 0 ms.
TpTrace Information: 0 : 22184, 8, 2022/09/30, 23:32:10.118, 100211249211, datacollector.dll, DataCollectionTestCaseEventHandler: Test case 'TestUndefinedVariable - 306f930d-76de-3079-2deb-03e2afa7adb7' completed
TpTrace Information: 0 : 22184, 8, 2022/09/30, 23:32:10.119, 100211260128, datacollector.dll, DataCollectionTestCaseEventHandler: Test case starting.
TpTrace Information: 0 : 22184, 8, 2022/09/30, 23:32:10.120, 100211267786, datacollector.dll, BlameCollector.EventsTestCaseStart: Test Case Start
TpTrace Verbose: 0 : 22184, 8, 2022/09/30, 23:32:10.120, 100211268656, datacollector.dll, MulticastDelegateUtilities.SafeInvoke: DataCollectionEvents.TestCaseStart: Invoking callback 1/1 for Microsoft.TestPlatform.Extensions.BlameDataCollector.BlameCollector.EventsTestCaseStart, took 0 ms.
TpTrace Information: 0 : 22184, 8, 2022/09/30, 23:32:10.120, 100211269813, datacollector.dll, DataCollectionTestCaseEventHandler: Test case 'TestInvalidExpression - 3d1305e9-f61b-e174-8781-64958be23308' started.
TpTrace Information: 0 : 22184, 8, 2022/09/30, 23:32:10.122, 100211288140, datacollector.dll, DataCollectionTestCaseEventHandler: Test case completing.
TpTrace Information: 0 : 22184, 8, 2022/09/30, 23:32:10.123, 100211295310, datacollector.dll, BlameCollector.EventsTestCaseEnd: Test Case End
TpTrace Verbose: 0 : 22184, 8, 2022/09/30, 23:32:10.123, 100211296138, datacollector.dll, MulticastDelegateUtilities.SafeInvoke: DataCollectionEvents.TestCaseEnd: Invoking callback 1/1 for Microsoft.TestPlatform.Extensions.BlameDataCollector.BlameCollector.EventsTestCaseEnd, took 0 ms.
TpTrace Information: 0 : 22184, 8, 2022/09/30, 23:32:10.123, 100211297564, datacollector.dll, DataCollectionTestCaseEventHandler: Test case 'TestInvalidExpression - 3d1305e9-f61b-e174-8781-64958be23308' completed
TpTrace Information: 0 : 22184, 8, 2022/09/30, 23:32:10.124, 100211306331, datacollector.dll, DataCollectionTestCaseEventHandler: Test case starting.
TpTrace Information: 0 : 22184, 8, 2022/09/30, 23:32:10.125, 100211314323, datacollector.dll, BlameCollector.EventsTestCaseStart: Test Case Start
TpTrace Verbose: 0 : 22184, 8, 2022/09/30, 23:32:10.125, 100211315138, datacollector.dll, MulticastDelegateUtilities.SafeInvoke: DataCollectionEvents.TestCaseStart: Invoking callback 1/1 for Microsoft.TestPlatform.Extensions.BlameDataCollector.BlameCollector.EventsTestCaseStart, took 0 ms.
TpTrace Information: 0 : 22184, 8, 2022/09/30, 23:32:10.125, 100211316299, datacollector.dll, DataCollectionTestCaseEventHandler: Test case 'TestInvalidExpression2 - aabd8d20-bf67-1d47-6b8c-67b9f315d762' started.
TpTrace Information: 0 : 22184, 8, 2022/09/30, 23:32:10.127, 100211336969, datacollector.dll, DataCollectionTestCaseEventHandler: Test case completing.
TpTrace Information: 0 : 22184, 8, 2022/09/30, 23:32:10.128, 100211344667, datacollector.dll, BlameCollector.EventsTestCaseEnd: Test Case End
TpTrace Verbose: 0 : 22184, 8, 2022/09/30, 23:32:10.128, 100211345501, datacollector.dll, MulticastDelegateUtilities.SafeInvoke: DataCollectionEvents.TestCaseEnd: Invoking callback 1/1 for Microsoft.TestPlatform.Extensions.BlameDataCollector.BlameCollector.EventsTestCaseEnd, took 0 ms.
TpTrace Information: 0 : 22184, 8, 2022/09/30, 23:32:10.128, 100211346911, datacollector.dll, DataCollectionTestCaseEventHandler: Test case 'TestInvalidExpression2 - aabd8d20-bf67-1d47-6b8c-67b9f315d762' completed
TpTrace Information: 0 : 22184, 8, 2022/09/30, 23:32:10.129, 100211362389, datacollector.dll, DataCollectionTestCaseEventHandler: Test case starting.
TpTrace Information: 0 : 22184, 8, 2022/09/30, 23:32:10.130, 100211370113, datacollector.dll, BlameCollector.EventsTestCaseStart: Test Case Start
TpTrace Verbose: 0 : 22184, 8, 2022/09/30, 23:32:10.130, 100211370982, datacollector.dll, MulticastDelegateUtilities.SafeInvoke: DataCollectionEvents.TestCaseStart: Invoking callback 1/1 for Microsoft.TestPlatform.Extensions.BlameDataCollector.BlameCollector.EventsTestCaseStart, took 0 ms.
TpTrace Information: 0 : 22184, 8, 2022/09/30, 23:32:10.130, 100211372300, datacollector.dll, DataCollectionTestCaseEventHandler: Test case 'TestInvalidExpression3 - c65771a0-36cd-d3ab-71a0-641ba9904001' started.
TpTrace Information: 0 : 22184, 8, 2022/09/30, 23:32:10.133, 100211396909, datacollector.dll, DataCollectionTestCaseEventHandler: Test case completing.
TpTrace Information: 0 : 22184, 8, 2022/09/30, 23:32:10.134, 100211412101, datacollector.dll, BlameCollector.EventsTestCaseEnd: Test Case End
TpTrace Verbose: 0 : 22184, 8, 2022/09/30, 23:32:10.135, 100211413284, datacollector.dll, MulticastDelegateUtilities.SafeInvoke: DataCollectionEvents.TestCaseEnd: Invoking callback 1/1 for Microsoft.TestPlatform.Extensions.BlameDataCollector.BlameCollector.EventsTestCaseEnd, took 0 ms.
TpTrace Information: 0 : 22184, 8, 2022/09/30, 23:32:10.135, 100211414828, datacollector.dll, DataCollectionTestCaseEventHandler: Test case 'TestInvalidExpression3 - c65771a0-36cd-d3ab-71a0-641ba9904001' completed
TpTrace Information: 0 : 22184, 8, 2022/09/30, 23:32:10.136, 100211427192, datacollector.dll, DataCollectionTestCaseEventHandler: Test case starting.
TpTrace Information: 0 : 22184, 8, 2022/09/30, 23:32:10.137, 100211441053, datacollector.dll, BlameCollector.EventsTestCaseStart: Test Case Start
TpTrace Verbose: 0 : 22184, 8, 2022/09/30, 23:32:10.137, 100211442259, datacollector.dll, MulticastDelegateUtilities.SafeInvoke: DataCollectionEvents.TestCaseStart: Invoking callback 1/1 for Microsoft.TestPlatform.Extensions.BlameDataCollector.BlameCollector.EventsTestCaseStart, took 0 ms.
TpTrace Information: 0 : 22184, 8, 2022/09/30, 23:32:10.138, 100211444173, datacollector.dll, DataCollectionTestCaseEventHandler: Test case 'TestInvalidVariable1 - f770bcd4-5bbd-d3b5-767d-a4fc62a811c1' started.
TpTrace Information: 0 : 22184, 8, 2022/09/30, 23:32:10.140, 100211468378, datacollector.dll, DataCollectionTestCaseEventHandler: Test case completing.
TpTrace Information: 0 : 22184, 8, 2022/09/30, 23:32:10.141, 100211479023, datacollector.dll, BlameCollector.EventsTestCaseEnd: Test Case End
TpTrace Verbose: 0 : 22184, 8, 2022/09/30, 23:32:10.141, 100211480080, datacollector.dll, MulticastDelegateUtilities.SafeInvoke: DataCollectionEvents.TestCaseEnd: Invoking callback 1/1 for Microsoft.TestPlatform.Extensions.BlameDataCollector.BlameCollector.EventsTestCaseEnd, took 0 ms.
TpTrace Information: 0 : 22184, 8, 2022/09/30, 23:32:10.141, 100211481889, datacollector.dll, DataCollectionTestCaseEventHandler: Test case 'TestInvalidVariable1 - f770bcd4-5bbd-d3b5-767d-a4fc62a811c1' completed
TpTrace Information: 0 : 22184, 8, 2022/09/30, 23:32:10.147, 100211536050, datacollector.dll, DataCollectionTestCaseEventHandler: Test case starting.
TpTrace Information: 0 : 22184, 8, 2022/09/30, 23:32:10.148, 100211547473, datacollector.dll, BlameCollector.EventsTestCaseStart: Test Case Start
TpTrace Verbose: 0 : 22184, 8, 2022/09/30, 23:32:10.148, 100211548597, datacollector.dll, MulticastDelegateUtilities.SafeInvoke: DataCollectionEvents.TestCaseStart: Invoking callback 1/1 for Microsoft.TestPlatform.Extensions.BlameDataCollector.BlameCollector.EventsTestCaseStart, took 0 ms.
TpTrace Information: 0 : 22184, 8, 2022/09/30, 23:32:10.148, 100211550156, datacollector.dll, DataCollectionTestCaseEventHandler: Test case 'TestEquals - f2d234e2-9082-307a-05c5-5bf57a80f6aa' started.
TpTrace Information: 0 : 22184, 8, 2022/09/30, 23:32:10.151, 100211581214, datacollector.dll, DataCollectionTestCaseEventHandler: Test case completing.
TpTrace Information: 0 : 22184, 8, 2022/09/30, 23:32:10.152, 100211590191, datacollector.dll, BlameCollector.EventsTestCaseEnd: Test Case End
TpTrace Verbose: 0 : 22184, 8, 2022/09/30, 23:32:10.152, 100211591406, datacollector.dll, MulticastDelegateUtilities.SafeInvoke: DataCollectionEvents.TestCaseEnd: Invoking callback 1/1 for Microsoft.TestPlatform.Extensions.BlameDataCollector.BlameCollector.EventsTestCaseEnd, took 0 ms.
TpTrace Information: 0 : 22184, 8, 2022/09/30, 23:32:10.153, 100211593168, datacollector.dll, DataCollectionTestCaseEventHandler: Test case 'TestEquals - f2d234e2-9082-307a-05c5-5bf57a80f6aa' completed
TpTrace Information: 0 : 22184, 8, 2022/09/30, 23:32:10.153, 100211601628, datacollector.dll, DataCollectionTestCaseEventHandler: Test case starting.
TpTrace Information: 0 : 22184, 8, 2022/09/30, 23:32:10.154, 100211609525, datacollector.dll, BlameCollector.EventsTestCaseStart: Test Case Start
TpTrace Verbose: 0 : 22184, 8, 2022/09/30, 23:32:10.154, 100211610363, datacollector.dll, MulticastDelegateUtilities.SafeInvoke: DataCollectionEvents.TestCaseStart: Invoking callback 1/1 for Microsoft.TestPlatform.Extensions.BlameDataCollector.BlameCollector.EventsTestCaseStart, took 0 ms.
TpTrace Information: 0 : 22184, 8, 2022/09/30, 23:32:10.154, 100211611486, datacollector.dll, DataCollectionTestCaseEventHandler: Test case 'TestEquals2 - 904340ff-5973-5b51-d91e-18d2d57b6f0c' started.
TpTrace Information: 0 : 22184, 8, 2022/09/30, 23:32:10.156, 100211624921, datacollector.dll, DataCollectionTestCaseEventHandler: Test case completing.
TpTrace Information: 0 : 22184, 8, 2022/09/30, 23:32:10.157, 100211633353, datacollector.dll, BlameCollector.EventsTestCaseEnd: Test Case End
TpTrace Verbose: 0 : 22184, 8, 2022/09/30, 23:32:10.157, 100211634177, datacollector.dll, MulticastDelegateUtilities.SafeInvoke: DataCollectionEvents.TestCaseEnd: Invoking callback 1/1 for Microsoft.TestPlatform.Extensions.BlameDataCollector.BlameCollector.EventsTestCaseEnd, took 0 ms.
TpTrace Information: 0 : 22184, 8, 2022/09/30, 23:32:10.157, 100211635466, datacollector.dll, DataCollectionTestCaseEventHandler: Test case 'TestEquals2 - 904340ff-5973-5b51-d91e-18d2d57b6f0c' completed
TpTrace Information: 0 : 22184, 8, 2022/09/30, 23:32:10.158, 100211644892, datacollector.dll, DataCollectionTestCaseEventHandler: Test case starting.
TpTrace Information: 0 : 22184, 8, 2022/09/30, 23:32:10.158, 100211652034, datacollector.dll, BlameCollector.EventsTestCaseStart: Test Case Start
TpTrace Verbose: 0 : 22184, 8, 2022/09/30, 23:32:10.159, 100211652871, datacollector.dll, MulticastDelegateUtilities.SafeInvoke: DataCollectionEvents.TestCaseStart: Invoking callback 1/1 for Microsoft.TestPlatform.Extensions.BlameDataCollector.BlameCollector.EventsTestCaseStart, took 0 ms.
TpTrace Information: 0 : 22184, 8, 2022/09/30, 23:32:10.159, 100211653998, datacollector.dll, DataCollectionTestCaseEventHandler: Test case 'TestEqualsOpera - 6c92056d-51a5-1667-8ddb-4ae89093a847' started.
TpTrace Information: 0 : 22184, 8, 2022/09/30, 23:32:10.160, 100211670314, datacollector.dll, DataCollectionTestCaseEventHandler: Test case completing.
TpTrace Information: 0 : 22184, 8, 2022/09/30, 23:32:10.161, 100211679056, datacollector.dll, BlameCollector.EventsTestCaseEnd: Test Case End
TpTrace Verbose: 0 : 22184, 8, 2022/09/30, 23:32:10.161, 100211680065, datacollector.dll, MulticastDelegateUtilities.SafeInvoke: DataCollectionEvents.TestCaseEnd: Invoking callback 1/1 for Microsoft.TestPlatform.Extensions.BlameDataCollector.BlameCollector.EventsTestCaseEnd, took 0 ms.
TpTrace Information: 0 : 22184, 8, 2022/09/30, 23:32:10.161, 100211681619, datacollector.dll, DataCollectionTestCaseEventHandler: Test case 'TestEqualsOpera - 6c92056d-51a5-1667-8ddb-4ae89093a847' completed
TpTrace Information: 0 : 22184, 8, 2022/09/30, 23:32:10.163, 100211692489, datacollector.dll, DataCollectionTestCaseEventHandler: Test case starting.
TpTrace Information: 0 : 22184, 8, 2022/09/30, 23:32:10.163, 100211700866, datacollector.dll, BlameCollector.EventsTestCaseStart: Test Case Start
TpTrace Verbose: 0 : 22184, 8, 2022/09/30, 23:32:10.163, 100211701892, datacollector.dll, MulticastDelegateUtilities.SafeInvoke: DataCollectionEvents.TestCaseStart: Invoking callback 1/1 for Microsoft.TestPlatform.Extensions.BlameDataCollector.BlameCollector.EventsTestCaseStart, took 0 ms.
TpTrace Information: 0 : 22184, 8, 2022/09/30, 23:32:10.164, 100211703416, datacollector.dll, DataCollectionTestCaseEventHandler: Test case 'TestWrongEqualsOpera2 - 3efbb016-fa82-ea6a-cc0e-332e99646b60' started.
TpTrace Information: 0 : 22184, 8, 2022/09/30, 23:32:10.165, 100211717328, datacollector.dll, DataCollectionTestCaseEventHandler: Test case completing.
TpTrace Information: 0 : 22184, 8, 2022/09/30, 23:32:10.166, 100211725179, datacollector.dll, BlameCollector.EventsTestCaseEnd: Test Case End
TpTrace Verbose: 0 : 22184, 8, 2022/09/30, 23:32:10.166, 100211726002, datacollector.dll, MulticastDelegateUtilities.SafeInvoke: DataCollectionEvents.TestCaseEnd: Invoking callback 1/1 for Microsoft.TestPlatform.Extensions.BlameDataCollector.BlameCollector.EventsTestCaseEnd, took 0 ms.
TpTrace Information: 0 : 22184, 8, 2022/09/30, 23:32:10.166, 100211727385, datacollector.dll, DataCollectionTestCaseEventHandler: Test case 'TestWrongEqualsOpera2 - 3efbb016-fa82-ea6a-cc0e-332e99646b60' completed
TpTrace Information: 0 : 22184, 8, 2022/09/30, 23:32:10.167, 100211736966, datacollector.dll, DataCollectionTestCaseEventHandler: Test case starting.
TpTrace Information: 0 : 22184, 8, 2022/09/30, 23:32:10.168, 100211746019, datacollector.dll, BlameCollector.EventsTestCaseStart: Test Case Start
TpTrace Verbose: 0 : 22184, 8, 2022/09/30, 23:32:10.168, 100211747262, datacollector.dll, MulticastDelegateUtilities.SafeInvoke: DataCollectionEvents.TestCaseStart: Invoking callback 1/1 for Microsoft.TestPlatform.Extensions.BlameDataCollector.BlameCollector.EventsTestCaseStart, took 0 ms.
TpTrace Information: 0 : 22184, 8, 2022/09/30, 23:32:10.168, 100211748401, datacollector.dll, DataCollectionTestCaseEventHandler: Test case 'TestWrongEqualsOpera3 - 90c602b4-9318-639a-280b-535fc948e90c' started.
TpTrace Information: 0 : 22184, 8, 2022/09/30, 23:32:10.170, 100211762919, datacollector.dll, DataCollectionTestCaseEventHandler: Test case completing.
TpTrace Information: 0 : 22184, 8, 2022/09/30, 23:32:10.170, 100211769975, datacollector.dll, BlameCollector.EventsTestCaseEnd: Test Case End
TpTrace Verbose: 0 : 22184, 8, 2022/09/30, 23:32:10.170, 100211770793, datacollector.dll, MulticastDelegateUtilities.SafeInvoke: DataCollectionEvents.TestCaseEnd: Invoking callback 1/1 for Microsoft.TestPlatform.Extensions.BlameDataCollector.BlameCollector.EventsTestCaseEnd, took 0 ms.
TpTrace Information: 0 : 22184, 8, 2022/09/30, 23:32:10.170, 100211772071, datacollector.dll, DataCollectionTestCaseEventHandler: Test case 'TestWrongEqualsOpera3 - 90c602b4-9318-639a-280b-535fc948e90c' completed
TpTrace Information: 0 : 22184, 8, 2022/09/30, 23:32:10.171, 100211781555, datacollector.dll, DataCollectionTestCaseEventHandler: Test case starting.
TpTrace Information: 0 : 22184, 8, 2022/09/30, 23:32:10.172, 100211789781, datacollector.dll, BlameCollector.EventsTestCaseStart: Test Case Start
TpTrace Verbose: 0 : 22184, 8, 2022/09/30, 23:32:10.172, 100211790746, datacollector.dll, MulticastDelegateUtilities.SafeInvoke: DataCollectionEvents.TestCaseStart: Invoking callback 1/1 for Microsoft.TestPlatform.Extensions.BlameDataCollector.BlameCollector.EventsTestCaseStart, took 0 ms.
TpTrace Information: 0 : 22184, 8, 2022/09/30, 23:32:10.172, 100211792067, datacollector.dll, DataCollectionTestCaseEventHandler: Test case 'TestToString - 8bc6df33-7828-a5e7-3d02-e1530cbd3f3f' started.
TpTrace Information: 0 : 22184, 8, 2022/09/30, 23:32:10.174, 100211804339, datacollector.dll, DataCollectionTestCaseEventHandler: Test case completing.
TpTrace Information: 0 : 22184, 8, 2022/09/30, 23:32:10.175, 100211812538, datacollector.dll, BlameCollector.EventsTestCaseEnd: Test Case End
TpTrace Verbose: 0 : 22184, 8, 2022/09/30, 23:32:10.175, 100211813365, datacollector.dll, MulticastDelegateUtilities.SafeInvoke: DataCollectionEvents.TestCaseEnd: Invoking callback 1/1 for Microsoft.TestPlatform.Extensions.BlameDataCollector.BlameCollector.EventsTestCaseEnd, took 0 ms.
TpTrace Information: 0 : 22184, 8, 2022/09/30, 23:32:10.175, 100211814734, datacollector.dll, DataCollectionTestCaseEventHandler: Test case 'TestToString - 8bc6df33-7828-a5e7-3d02-e1530cbd3f3f' completed
TpTrace Information: 0 : 22184, 8, 2022/09/30, 23:32:10.176, 100211823855, datacollector.dll, DataCollectionTestCaseEventHandler: Test case starting.
TpTrace Information: 0 : 22184, 8, 2022/09/30, 23:32:10.177, 100211832418, datacollector.dll, BlameCollector.EventsTestCaseStart: Test Case Start
TpTrace Verbose: 0 : 22184, 8, 2022/09/30, 23:32:10.177, 100211833341, datacollector.dll, MulticastDelegateUtilities.SafeInvoke: DataCollectionEvents.TestCaseStart: Invoking callback 1/1 for Microsoft.TestPlatform.Extensions.BlameDataCollector.BlameCollector.EventsTestCaseStart, took 0 ms.
TpTrace Information: 0 : 22184, 8, 2022/09/30, 23:32:10.177, 100211834573, datacollector.dll, DataCollectionTestCaseEventHandler: Test case 'TestGetHashCode - 804ff60b-9a05-a5d4-c940-43257779482a' started.
TpTrace Information: 0 : 22184, 8, 2022/09/30, 23:32:10.178, 100211849921, datacollector.dll, DataCollectionTestCaseEventHandler: Test case completing.
TpTrace Information: 0 : 22184, 8, 2022/09/30, 23:32:10.179, 100211858430, datacollector.dll, BlameCollector.EventsTestCaseEnd: Test Case End
TpTrace Verbose: 0 : 22184, 8, 2022/09/30, 23:32:10.179, 100211859408, datacollector.dll, MulticastDelegateUtilities.SafeInvoke: DataCollectionEvents.TestCaseEnd: Invoking callback 1/1 for Microsoft.TestPlatform.Extensions.BlameDataCollector.BlameCollector.EventsTestCaseEnd, took 0 ms.
TpTrace Information: 0 : 22184, 8, 2022/09/30, 23:32:10.179, 100211860931, datacollector.dll, DataCollectionTestCaseEventHandler: Test case 'TestGetHashCode - 804ff60b-9a05-a5d4-c940-43257779482a' completed
TpTrace Information: 0 : 22184, 8, 2022/09/30, 23:32:10.180, 100211870609, datacollector.dll, DataCollectionTestCaseEventHandler: Test case starting.
TpTrace Information: 0 : 22184, 8, 2022/09/30, 23:32:10.181, 100211877736, datacollector.dll, BlameCollector.EventsTestCaseStart: Test Case Start
TpTrace Verbose: 0 : 22184, 8, 2022/09/30, 23:32:10.181, 100211878556, datacollector.dll, MulticastDelegateUtilities.SafeInvoke: DataCollectionEvents.TestCaseStart: Invoking callback 1/1 for Microsoft.TestPlatform.Extensions.BlameDataCollector.BlameCollector.EventsTestCaseStart, took 0 ms.
TpTrace Information: 0 : 22184, 8, 2022/09/30, 23:32:10.181, 100211879676, datacollector.dll, DataCollectionTestCaseEventHandler: Test case 'TestGetHashCode2 - c5ac5649-3895-5890-50a3-1583297bbd87' started.
TpTrace Information: 0 : 22184, 8, 2022/09/30, 23:32:10.182, 100211891115, datacollector.dll, DataCollectionTestCaseEventHandler: Test case completing.
TpTrace Information: 0 : 22184, 8, 2022/09/30, 23:32:10.183, 100211899221, datacollector.dll, BlameCollector.EventsTestCaseEnd: Test Case End
TpTrace Verbose: 0 : 22184, 8, 2022/09/30, 23:32:10.183, 100211900086, datacollector.dll, MulticastDelegateUtilities.SafeInvoke: DataCollectionEvents.TestCaseEnd: Invoking callback 1/1 for Microsoft.TestPlatform.Extensions.BlameDataCollector.BlameCollector.EventsTestCaseEnd, took 0 ms.
TpTrace Information: 0 : 22184, 8, 2022/09/30, 23:32:10.183, 100211901376, datacollector.dll, DataCollectionTestCaseEventHandler: Test case 'TestGetHashCode2 - c5ac5649-3895-5890-50a3-1583297bbd87' completed
TpTrace Information: 0 : 22184, 8, 2022/09/30, 23:32:10.184, 100211910877, datacollector.dll, DataCollectionTestCaseEventHandler: Test case starting.
TpTrace Information: 0 : 22184, 8, 2022/09/30, 23:32:10.185, 100211918707, datacollector.dll, BlameCollector.EventsTestCaseStart: Test Case Start
TpTrace Verbose: 0 : 22184, 8, 2022/09/30, 23:32:10.185, 100211919874, datacollector.dll, MulticastDelegateUtilities.SafeInvoke: DataCollectionEvents.TestCaseStart: Invoking callback 1/1 for Microsoft.TestPlatform.Extensions.BlameDataCollector.BlameCollector.EventsTestCaseStart, took 0 ms.
TpTrace Information: 0 : 22184, 8, 2022/09/30, 23:32:10.185, 100211921123, datacollector.dll, DataCollectionTestCaseEventHandler: Test case 'TestGerVariable - fa1d0fde-aad7-1e94-7f18-6f9c863c2ae6' started.
TpTrace Information: 0 : 22184, 8, 2022/09/30, 23:32:10.188, 100211944038, datacollector.dll, DataCollectionTestCaseEventHandler: Test case completing.
TpTrace Information: 0 : 22184, 8, 2022/09/30, 23:32:10.188, 100211952332, datacollector.dll, BlameCollector.EventsTestCaseEnd: Test Case End
TpTrace Verbose: 0 : 22184, 8, 2022/09/30, 23:32:10.189, 100211953288, datacollector.dll, MulticastDelegateUtilities.SafeInvoke: DataCollectionEvents.TestCaseEnd: Invoking callback 1/1 for Microsoft.TestPlatform.Extensions.BlameDataCollector.BlameCollector.EventsTestCaseEnd, took 0 ms.
TpTrace Information: 0 : 22184, 8, 2022/09/30, 23:32:10.189, 100211954713, datacollector.dll, DataCollectionTestCaseEventHandler: Test case 'TestGerVariable - fa1d0fde-aad7-1e94-7f18-6f9c863c2ae6' completed
TpTrace Information: 0 : 22184, 8, 2022/09/30, 23:32:10.197, 100212038067, datacollector.dll, DataCollectionTestCaseEventHandler: Test session ended
TpTrace Information: 0 : 22184, 1, 2022/09/30, 23:32:10.243, 100212501049, datacollector.dll, DataCollectionRequestHandler.ProcessRequests: Datacollector received message: (DataCollection.AfterTestRunEnd) -> {"MessageType":"DataCollection.AfterTestRunEnd","Payload":false}
TpTrace Information: 0 : 22184, 1, 2022/09/30, 23:32:10.245, 100212516258, datacollector.dll, Blame Collector: Session End
TpTrace Information: 0 : 22184, 1, 2022/09/30, 23:32:10.245, 100212517205, datacollector.dll, BlameCollector.CollectDumpAndAbortTesthost: Custom path to dump directory was provided via VSTEST_DUMP_PATH. Skipping attachment upload, the caller is responsible for collecting and uploading the dumps themselves.
TpTrace Verbose: 0 : 22184, 1, 2022/09/30, 23:32:10.245, 100212518339, datacollector.dll, MulticastDelegateUtilities.SafeInvoke: DataCollectionEvents.SessionEnd: Invoking callback 1/1 for Microsoft.TestPlatform.Extensions.BlameDataCollector.BlameCollector.SessionEndedHandler, took 0 ms.
TpTrace Information: 0 : 22184, 1, 2022/09/30, 23:32:10.246, 100212526448, datacollector.dll, DataCollectionManager.CleanupPlugins: CleanupPlugins called
TpTrace Verbose: 0 : 22184, 1, 2022/09/30, 23:32:10.246, 100212527648, datacollector.dll, DataCollectionManager.CleanupPlugins: Cleaning up 1 plugins
TpTrace Verbose: 0 : 22184, 1, 2022/09/30, 23:32:10.246, 100212529097, datacollector.dll, dataCollectorInfo.DisposeDataCollector: calling Dispose() on Microsoft.TestPlatform.Extensions.BlameDataCollector.BlameCollector
TpTrace Information: 0 : 22184, 1, 2022/09/30, 23:32:10.246, 100212530020, datacollector.dll, DataCollectionManager.CleanupPlugins: CleanupPlugins finished
TpTrace Information: 0 : 22184, 1, 2022/09/30, 23:32:10.254, 100212608220, datacollector.dll, DataCollectionRequestHandler.ProcessRequests : Session End message received from server. Closing the connection.
TpTrace Information: 0 : 22184, 1, 2022/09/30, 23:32:10.254, 100212611335, datacollector.dll, Closing the connection !
TpTrace Information: 0 : 22184, 1, 2022/09/30, 23:32:10.254, 100212612016, datacollector.dll, DataCollectionRequestHandler.ProcessRequests : DataCollection completed
TpTrace Information: 0 : 22184, 1, 2022/09/30, 23:32:10.255, 100212612417, datacollector.dll, Program.Main: exiting datacollector process.
